[ 2017-10-02T11:16:34+08:00 ] ::1 /web/admin.php/Admin/Login/loginpage.html
INFO: [ app_init ] --START--
INFO: Run Behavior\BuildLiteBehavior [ RunTime:0.000025s ]
INFO: [ app_init ] --END-- [ RunTime:0.000624s ]
INFO: [ app_begin ] --START--
INFO: Run Behavior\ReadHtmlCacheBehavior [ RunTime:0.000546s ]
INFO: [ app_begin ] --END-- [ RunTime:0.000646s ]
ERR: 非法操作:Login

[ 2017-10-02T11:16:40+08:00 ] ::1 /web/admin.php/Login/loginpage.html
INFO: [ app_init ] --START--
INFO: Run Behavior\BuildLiteBehavior [ RunTime:0.000037s ]
INFO: [ app_init ] --END-- [ RunTime:0.000662s ]
INFO: [ app_begin ] --START--
INFO: Run Behavior\ReadHtmlCacheBehavior [ RunTime:0.000950s ]
INFO: [ app_begin ] --END-- [ RunTime:0.001151s ]
INFO: [ view_parse ] --START--
INFO: [ template_filter ] --START--
INFO: Run Behavior\ContentReplaceBehavior [ RunTime:0.000069s ]
INFO: [ template_filter ] --END-- [ RunTime:0.000191s ]
INFO: Run Behavior\ParseTemplateBehavior [ RunTime:0.008067s ]
INFO: [ view_parse ] --END-- [ RunTime:0.008187s ]
INFO: [ view_filter ] --START--
INFO: Run Behavior\WriteHtmlCacheBehavior [ RunTime:0.000373s ]
INFO: [ view_filter ] --END-- [ RunTime:0.000471s ]
INFO: [ app_end ] --START--
INFO: Run Behavior\ShowPageTraceBehavior [ RunTime:0.000534s ]
INFO: [ app_end ] --END-- [ RunTime:0.000669s ]

[ 2017-10-02T11:16:48+08:00 ] ::1 /web/admin.php/Login/login
INFO: [ app_init ] --START--
INFO: Run Behavior\BuildLiteBehavior [ RunTime:0.000022s ]
INFO: [ app_init ] --END-- [ RunTime:0.000424s ]
INFO: [ app_begin ] --START--
INFO: Run Behavior\ReadHtmlCacheBehavior [ RunTime:0.000526s ]
INFO: [ app_begin ] --END-- [ RunTime:0.000623s ]
NOTIC: [8] Use of undefined constant uid - assumed 'uid' D:\wamp\www\web\Application\Admin\Controller\LoginController.class.php 第 20 行.
SQL: PRAGMA table_info( tb_admin ) [ RunTime:0.0005s ]
NOTIC: [8] Undefined index: field D:\wamp\www\web\ThinkPHP\Library\Think\Db\Driver\Sqlite.class.php 第 42 行.
NOTIC: [8] Undefined index: field D:\wamp\www\web\ThinkPHP\Library\Think\Db\Driver\Sqlite.class.php 第 43 行.
NOTIC: [8] Undefined index: null D:\wamp\www\web\ThinkPHP\Library\Think\Db\Driver\Sqlite.class.php 第 45 行.
NOTIC: [8] Undefined index: default D:\wamp\www\web\ThinkPHP\Library\Think\Db\Driver\Sqlite.class.php 第 46 行.
NOTIC: [8] Undefined index: dey D:\wamp\www\web\ThinkPHP\Library\Think\Db\Driver\Sqlite.class.php 第 47 行.
NOTIC: [8] Undefined index: extra D:\wamp\www\web\ThinkPHP\Library\Think\Db\Driver\Sqlite.class.php 第 48 行.
NOTIC: [8] Undefined index: field D:\wamp\www\web\ThinkPHP\Library\Think\Db\Driver\Sqlite.class.php 第 42 行.
NOTIC: [8] Undefined index: field D:\wamp\www\web\ThinkPHP\Library\Think\Db\Driver\Sqlite.class.php 第 43 行.
NOTIC: [8] Undefined index: null D:\wamp\www\web\ThinkPHP\Library\Think\Db\Driver\Sqlite.class.php 第 45 行.
NOTIC: [8] Undefined index: default D:\wamp\www\web\ThinkPHP\Library\Think\Db\Driver\Sqlite.class.php 第 46 行.
NOTIC: [8] Undefined index: dey D:\wamp\www\web\ThinkPHP\Library\Think\Db\Driver\Sqlite.class.php 第 47 行.
NOTIC: [8] Undefined index: extra D:\wamp\www\web\ThinkPHP\Library\Think\Db\Driver\Sqlite.class.php 第 48 行.
NOTIC: [8] Undefined index: field D:\wamp\www\web\ThinkPHP\Library\Think\Db\Driver\Sqlite.class.php 第 42 行.
NOTIC: [8] Undefined index: field D:\wamp\www\web\ThinkPHP\Library\Think\Db\Driver\Sqlite.class.php 第 43 行.
NOTIC: [8] Undefined index: null D:\wamp\www\web\ThinkPHP\Library\Think\Db\Driver\Sqlite.class.php 第 45 行.
NOTIC: [8] Undefined index: default D:\wamp\www\web\ThinkPHP\Library\Think\Db\Driver\Sqlite.class.php 第 46 行.
NOTIC: [8] Undefined index: dey D:\wamp\www\web\ThinkPHP\Library\Think\Db\Driver\Sqlite.class.php 第 47 行.
NOTIC: [8] Undefined index: extra D:\wamp\www\web\ThinkPHP\Library\Think\Db\Driver\Sqlite.class.php 第 48 行.
NOTIC: [8] Undefined index: field D:\wamp\www\web\ThinkPHP\Library\Think\Db\Driver\Sqlite.class.php 第 42 行.
NOTIC: [8] Undefined index: field D:\wamp\www\web\ThinkPHP\Library\Think\Db\Driver\Sqlite.class.php 第 43 行.
NOTIC: [8] Undefined index: null D:\wamp\www\web\ThinkPHP\Library\Think\Db\Driver\Sqlite.class.php 第 45 行.
NOTIC: [8] Undefined index: default D:\wamp\www\web\ThinkPHP\Library\Think\Db\Driver\Sqlite.class.php 第 46 行.
NOTIC: [8] Undefined index: dey D:\wamp\www\web\ThinkPHP\Library\Think\Db\Driver\Sqlite.class.php 第 47 行.
NOTIC: [8] Undefined index: extra D:\wamp\www\web\ThinkPHP\Library\Think\Db\Driver\Sqlite.class.php 第 48 行.
NOTIC: [8] Undefined index: field D:\wamp\www\web\ThinkPHP\Library\Think\Db\Driver\Sqlite.class.php 第 42 行.
NOTIC: [8] Undefined index: field D:\wamp\www\web\ThinkPHP\Library\Think\Db\Driver\Sqlite.class.php 第 43 行.
NOTIC: [8] Undefined index: null D:\wamp\www\web\ThinkPHP\Library\Think\Db\Driver\Sqlite.class.php 第 45 行.
NOTIC: [8] Undefined index: default D:\wamp\www\web\ThinkPHP\Library\Think\Db\Driver\Sqlite.class.php 第 46 行.
NOTIC: [8] Undefined index: dey D:\wamp\www\web\ThinkPHP\Library\Think\Db\Driver\Sqlite.class.php 第 47 行.
NOTIC: [8] Undefined index: extra D:\wamp\www\web\ThinkPHP\Library\Think\Db\Driver\Sqlite.class.php 第 48 行.
NOTIC: [8] Undefined index: field D:\wamp\www\web\ThinkPHP\Library\Think\Db\Driver\Sqlite.class.php 第 42 行.
NOTIC: [8] Undefined index: field D:\wamp\www\web\ThinkPHP\Library\Think\Db\Driver\Sqlite.class.php 第 43 行.
NOTIC: [8] Undefined index: null D:\wamp\www\web\ThinkPHP\Library\Think\Db\Driver\Sqlite.class.php 第 45 行.
NOTIC: [8] Undefined index: default D:\wamp\www\web\ThinkPHP\Library\Think\Db\Driver\Sqlite.class.php 第 46 行.
NOTIC: [8] Undefined index: dey D:\wamp\www\web\ThinkPHP\Library\Think\Db\Driver\Sqlite.class.php 第 47 行.
NOTIC: [8] Undefined index: extra D:\wamp\www\web\ThinkPHP\Library\Think\Db\Driver\Sqlite.class.php 第 48 行.
NOTIC: [8] Undefined index: field D:\wamp\www\web\ThinkPHP\Library\Think\Db\Driver\Sqlite.class.php 第 42 行.
NOTIC: [8] Undefined index: field D:\wamp\www\web\ThinkPHP\Library\Think\Db\Driver\Sqlite.class.php 第 43 行.
NOTIC: [8] Undefined index: null D:\wamp\www\web\ThinkPHP\Library\Think\Db\Driver\Sqlite.class.php 第 45 行.
NOTIC: [8] Undefined index: default D:\wamp\www\web\ThinkPHP\Library\Think\Db\Driver\Sqlite.class.php 第 46 行.
NOTIC: [8] Undefined index: dey D:\wamp\www\web\ThinkPHP\Library\Think\Db\Driver\Sqlite.class.php 第 47 行.
NOTIC: [8] Undefined index: extra D:\wamp\www\web\ThinkPHP\Library\Think\Db\Driver\Sqlite.class.php 第 48 行.
NOTIC: [8] Undefined index: field D:\wamp\www\web\ThinkPHP\Library\Think\Db\Driver\Sqlite.class.php 第 42 行.
NOTIC: [8] Undefined index: field D:\wamp\www\web\ThinkPHP\Library\Think\Db\Driver\Sqlite.class.php 第 43 行.
NOTIC: [8] Undefined index: null D:\wamp\www\web\ThinkPHP\Library\Think\Db\Driver\Sqlite.class.php 第 45 行.
NOTIC: [8] Undefined index: default D:\wamp\www\web\ThinkPHP\Library\Think\Db\Driver\Sqlite.class.php 第 46 行.
NOTIC: [8] Undefined index: dey D:\wamp\www\web\ThinkPHP\Library\Think\Db\Driver\Sqlite.class.php 第 47 行.
NOTIC: [8] Undefined index: extra D:\wamp\www\web\ThinkPHP\Library\Think\Db\Driver\Sqlite.class.php 第 48 行.
SQL: SELECT * FROM tb_admin WHERE ( uid = '1001' ) LIMIT 1   [ RunTime:0.0002s ]

[ 2017-10-02T11:16:48+08:00 ] ::1 /web/admin.php/Login/home
INFO: [ app_init ] --START--
INFO: Run Behavior\BuildLiteBehavior [ RunTime:0.000023s ]
INFO: [ app_init ] --END-- [ RunTime:0.000431s ]
INFO: [ app_begin ] --START--
INFO: Run Behavior\ReadHtmlCacheBehavior [ RunTime:0.000820s ]
INFO: [ app_begin ] --END-- [ RunTime:0.000975s ]
INFO: [ islogin ] --START--
INFO: Run Admin\Behaviors\BaseBehavior [ RunTime:0.001254s ]
INFO: [ islogin ] --END-- [ RunTime:0.001447s ]
SQL: PRAGMA table_info( tb_menus ) [ RunTime:0.0003s ]
NOTIC: [8] Undefined index: field D:\wamp\www\web\ThinkPHP\Library\Think\Db\Driver\Sqlite.class.php 第 42 行.
NOTIC: [8] Undefined index: field D:\wamp\www\web\ThinkPHP\Library\Think\Db\Driver\Sqlite.class.php 第 43 行.
NOTIC: [8] Undefined index: null D:\wamp\www\web\ThinkPHP\Library\Think\Db\Driver\Sqlite.class.php 第 45 行.
NOTIC: [8] Undefined index: default D:\wamp\www\web\ThinkPHP\Library\Think\Db\Driver\Sqlite.class.php 第 46 行.
NOTIC: [8] Undefined index: dey D:\wamp\www\web\ThinkPHP\Library\Think\Db\Driver\Sqlite.class.php 第 47 行.
NOTIC: [8] Undefined index: extra D:\wamp\www\web\ThinkPHP\Library\Think\Db\Driver\Sqlite.class.php 第 48 行.
NOTIC: [8] Undefined index: field D:\wamp\www\web\ThinkPHP\Library\Think\Db\Driver\Sqlite.class.php 第 42 行.
NOTIC: [8] Undefined index: field D:\wamp\www\web\ThinkPHP\Library\Think\Db\Driver\Sqlite.class.php 第 43 行.
NOTIC: [8] Undefined index: null D:\wamp\www\web\ThinkPHP\Library\Think\Db\Driver\Sqlite.class.php 第 45 行.
NOTIC: [8] Undefined index: default D:\wamp\www\web\ThinkPHP\Library\Think\Db\Driver\Sqlite.class.php 第 46 行.
NOTIC: [8] Undefined index: dey D:\wamp\www\web\ThinkPHP\Library\Think\Db\Driver\Sqlite.class.php 第 47 行.
NOTIC: [8] Undefined index: extra D:\wamp\www\web\ThinkPHP\Library\Think\Db\Driver\Sqlite.class.php 第 48 行.
NOTIC: [8] Undefined index: field D:\wamp\www\web\ThinkPHP\Library\Think\Db\Driver\Sqlite.class.php 第 42 行.
NOTIC: [8] Undefined index: field D:\wamp\www\web\ThinkPHP\Library\Think\Db\Driver\Sqlite.class.php 第 43 行.
NOTIC: [8] Undefined index: null D:\wamp\www\web\ThinkPHP\Library\Think\Db\Driver\Sqlite.class.php 第 45 行.
NOTIC: [8] Undefined index: default D:\wamp\www\web\ThinkPHP\Library\Think\Db\Driver\Sqlite.class.php 第 46 行.
NOTIC: [8] Undefined index: dey D:\wamp\www\web\ThinkPHP\Library\Think\Db\Driver\Sqlite.class.php 第 47 行.
NOTIC: [8] Undefined index: extra D:\wamp\www\web\ThinkPHP\Library\Think\Db\Driver\Sqlite.class.php 第 48 行.
NOTIC: [8] Undefined index: field D:\wamp\www\web\ThinkPHP\Library\Think\Db\Driver\Sqlite.class.php 第 42 行.
NOTIC: [8] Undefined index: field D:\wamp\www\web\ThinkPHP\Library\Think\Db\Driver\Sqlite.class.php 第 43 行.
NOTIC: [8] Undefined index: null D:\wamp\www\web\ThinkPHP\Library\Think\Db\Driver\Sqlite.class.php 第 45 行.
NOTIC: [8] Undefined index: default D:\wamp\www\web\ThinkPHP\Library\Think\Db\Driver\Sqlite.class.php 第 46 行.
NOTIC: [8] Undefined index: dey D:\wamp\www\web\ThinkPHP\Library\Think\Db\Driver\Sqlite.class.php 第 47 行.
NOTIC: [8] Undefined index: extra D:\wamp\www\web\ThinkPHP\Library\Think\Db\Driver\Sqlite.class.php 第 48 行.
NOTIC: [8] Undefined index: field D:\wamp\www\web\ThinkPHP\Library\Think\Db\Driver\Sqlite.class.php 第 42 行.
NOTIC: [8] Undefined index: field D:\wamp\www\web\ThinkPHP\Library\Think\Db\Driver\Sqlite.class.php 第 43 行.
NOTIC: [8] Undefined index: null D:\wamp\www\web\ThinkPHP\Library\Think\Db\Driver\Sqlite.class.php 第 45 行.
NOTIC: [8] Undefined index: default D:\wamp\www\web\ThinkPHP\Library\Think\Db\Driver\Sqlite.class.php 第 46 行.
NOTIC: [8] Undefined index: dey D:\wamp\www\web\ThinkPHP\Library\Think\Db\Driver\Sqlite.class.php 第 47 行.
NOTIC: [8] Undefined index: extra D:\wamp\www\web\ThinkPHP\Library\Think\Db\Driver\Sqlite.class.php 第 48 行.
SQL: SELECT * FROM tb_menus  [ RunTime:0.0001s ]
INFO: [ view_parse ] --START--
INFO: [ template_filter ] --START--
INFO: Run Behavior\ContentReplaceBehavior [ RunTime:0.000070s ]
INFO: [ template_filter ] --END-- [ RunTime:0.000178s ]
INFO: Run Behavior\ParseTemplateBehavior [ RunTime:0.010178s ]
INFO: [ view_parse ] --END-- [ RunTime:0.010295s ]
INFO: [ view_filter ] --START--
INFO: Run Behavior\WriteHtmlCacheBehavior [ RunTime:0.000379s ]
INFO: [ view_filter ] --END-- [ RunTime:0.000470s ]
INFO: [ app_end ] --START--
INFO: Run Behavior\ShowPageTraceBehavior [ RunTime:0.000528s ]
INFO: [ app_end ] --END-- [ RunTime:0.000627s ]

[ 2017-10-02T11:16:48+08:00 ] ::1 /web/admin.php/Admin/tongji
INFO: [ app_init ] --START--
INFO: Run Behavior\BuildLiteBehavior [ RunTime:0.000038s ]
INFO: [ app_init ] --END-- [ RunTime:0.000641s ]
INFO: [ app_begin ] --START--
INFO: Run Behavior\ReadHtmlCacheBehavior [ RunTime:0.000701s ]
INFO: [ app_begin ] --END-- [ RunTime:0.000875s ]
INFO: [ view_parse ] --START--
INFO: [ template_filter ] --START--
INFO: Run Behavior\ContentReplaceBehavior [ RunTime:0.000096s ]
INFO: [ template_filter ] --END-- [ RunTime:0.000268s ]
NOTIC: [8] Undefined index: /web D:\wamp\www\web\Application\Runtime\Cache\Admin\b2dcb1bd70b43981d9eb530d485255d1.php 第 36 行.
INFO: Run Behavior\ParseTemplateBehavior [ RunTime:0.009014s ]
INFO: [ view_parse ] --END-- [ RunTime:0.009204s ]
INFO: [ view_filter ] --START--
INFO: Run Behavior\WriteHtmlCacheBehavior [ RunTime:0.000461s ]
INFO: [ view_filter ] --END-- [ RunTime:0.000625s ]
INFO: [ app_end ] --START--
INFO: Run Behavior\ShowPageTraceBehavior [ RunTime:0.000611s ]
INFO: [ app_end ] --END-- [ RunTime:0.000753s ]

[ 2017-10-02T11:16:54+08:00 ] ::1 /web/admin.php/Admin/searchArticle/channelid/1
INFO: [ app_init ] --START--
INFO: Run Behavior\BuildLiteBehavior [ RunTime:0.000022s ]
INFO: [ app_init ] --END-- [ RunTime:0.000428s ]
INFO: [ app_begin ] --START--
INFO: Run Behavior\ReadHtmlCacheBehavior [ RunTime:0.000646s ]
INFO: [ app_begin ] --END-- [ RunTime:0.000782s ]
SQL: PRAGMA table_info( tb_article ) [ RunTime:0.0003s ]
NOTIC: [8] Undefined index: field D:\wamp\www\web\ThinkPHP\Library\Think\Db\Driver\Sqlite.class.php 第 42 行.
NOTIC: [8] Undefined index: field D:\wamp\www\web\ThinkPHP\Library\Think\Db\Driver\Sqlite.class.php 第 43 行.
NOTIC: [8] Undefined index: null D:\wamp\www\web\ThinkPHP\Library\Think\Db\Driver\Sqlite.class.php 第 45 行.
NOTIC: [8] Undefined index: default D:\wamp\www\web\ThinkPHP\Library\Think\Db\Driver\Sqlite.class.php 第 46 行.
NOTIC: [8] Undefined index: dey D:\wamp\www\web\ThinkPHP\Library\Think\Db\Driver\Sqlite.class.php 第 47 行.
NOTIC: [8] Undefined index: extra D:\wamp\www\web\ThinkPHP\Library\Think\Db\Driver\Sqlite.class.php 第 48 行.
NOTIC: [8] Undefined index: field D:\wamp\www\web\ThinkPHP\Library\Think\Db\Driver\Sqlite.class.php 第 42 行.
NOTIC: [8] Undefined index: field D:\wamp\www\web\ThinkPHP\Library\Think\Db\Driver\Sqlite.class.php 第 43 行.
NOTIC: [8] Undefined index: null D:\wamp\www\web\ThinkPHP\Library\Think\Db\Driver\Sqlite.class.php 第 45 行.
NOTIC: [8] Undefined index: default D:\wamp\www\web\ThinkPHP\Library\Think\Db\Driver\Sqlite.class.php 第 46 行.
NOTIC: [8] Undefined index: dey D:\wamp\www\web\ThinkPHP\Library\Think\Db\Driver\Sqlite.class.php 第 47 行.
NOTIC: [8] Undefined index: extra D:\wamp\www\web\ThinkPHP\Library\Think\Db\Driver\Sqlite.class.php 第 48 行.
NOTIC: [8] Undefined index: field D:\wamp\www\web\ThinkPHP\Library\Think\Db\Driver\Sqlite.class.php 第 42 行.
NOTIC: [8] Undefined index: field D:\wamp\www\web\ThinkPHP\Library\Think\Db\Driver\Sqlite.class.php 第 43 行.
NOTIC: [8] Undefined index: null D:\wamp\www\web\ThinkPHP\Library\Think\Db\Driver\Sqlite.class.php 第 45 行.
NOTIC: [8] Undefined index: default D:\wamp\www\web\ThinkPHP\Library\Think\Db\Driver\Sqlite.class.php 第 46 行.
NOTIC: [8] Undefined index: dey D:\wamp\www\web\ThinkPHP\Library\Think\Db\Driver\Sqlite.class.php 第 47 行.
NOTIC: [8] Undefined index: extra D:\wamp\www\web\ThinkPHP\Library\Think\Db\Driver\Sqlite.class.php 第 48 行.
NOTIC: [8] Undefined index: field D:\wamp\www\web\ThinkPHP\Library\Think\Db\Driver\Sqlite.class.php 第 42 行.
NOTIC: [8] Undefined index: field D:\wamp\www\web\ThinkPHP\Library\Think\Db\Driver\Sqlite.class.php 第 43 行.
NOTIC: [8] Undefined index: null D:\wamp\www\web\ThinkPHP\Library\Think\Db\Driver\Sqlite.class.php 第 45 行.
NOTIC: [8] Undefined index: default D:\wamp\www\web\ThinkPHP\Library\Think\Db\Driver\Sqlite.class.php 第 46 行.
NOTIC: [8] Undefined index: dey D:\wamp\www\web\ThinkPHP\Library\Think\Db\Driver\Sqlite.class.php 第 47 行.
NOTIC: [8] Undefined index: extra D:\wamp\www\web\ThinkPHP\Library\Think\Db\Driver\Sqlite.class.php 第 48 行.
NOTIC: [8] Undefined index: field D:\wamp\www\web\ThinkPHP\Library\Think\Db\Driver\Sqlite.class.php 第 42 行.
NOTIC: [8] Undefined index: field D:\wamp\www\web\ThinkPHP\Library\Think\Db\Driver\Sqlite.class.php 第 43 行.
NOTIC: [8] Undefined index: null D:\wamp\www\web\ThinkPHP\Library\Think\Db\Driver\Sqlite.class.php 第 45 行.
NOTIC: [8] Undefined index: default D:\wamp\www\web\ThinkPHP\Library\Think\Db\Driver\Sqlite.class.php 第 46 行.
NOTIC: [8] Undefined index: dey D:\wamp\www\web\ThinkPHP\Library\Think\Db\Driver\Sqlite.class.php 第 47 行.
NOTIC: [8] Undefined index: extra D:\wamp\www\web\ThinkPHP\Library\Think\Db\Driver\Sqlite.class.php 第 48 行.
NOTIC: [8] Undefined index: field D:\wamp\www\web\ThinkPHP\Library\Think\Db\Driver\Sqlite.class.php 第 42 行.
NOTIC: [8] Undefined index: field D:\wamp\www\web\ThinkPHP\Library\Think\Db\Driver\Sqlite.class.php 第 43 行.
NOTIC: [8] Undefined index: null D:\wamp\www\web\ThinkPHP\Library\Think\Db\Driver\Sqlite.class.php 第 45 行.
NOTIC: [8] Undefined index: default D:\wamp\www\web\ThinkPHP\Library\Think\Db\Driver\Sqlite.class.php 第 46 行.
NOTIC: [8] Undefined index: dey D:\wamp\www\web\ThinkPHP\Library\Think\Db\Driver\Sqlite.class.php 第 47 行.
NOTIC: [8] Undefined index: extra D:\wamp\www\web\ThinkPHP\Library\Think\Db\Driver\Sqlite.class.php 第 48 行.
NOTIC: [8] Undefined index: field D:\wamp\www\web\ThinkPHP\Library\Think\Db\Driver\Sqlite.class.php 第 42 行.
NOTIC: [8] Undefined index: field D:\wamp\www\web\ThinkPHP\Library\Think\Db\Driver\Sqlite.class.php 第 43 行.
NOTIC: [8] Undefined index: null D:\wamp\www\web\ThinkPHP\Library\Think\Db\Driver\Sqlite.class.php 第 45 行.
NOTIC: [8] Undefined index: default D:\wamp\www\web\ThinkPHP\Library\Think\Db\Driver\Sqlite.class.php 第 46 行.
NOTIC: [8] Undefined index: dey D:\wamp\www\web\ThinkPHP\Library\Think\Db\Driver\Sqlite.class.php 第 47 行.
NOTIC: [8] Undefined index: extra D:\wamp\www\web\ThinkPHP\Library\Think\Db\Driver\Sqlite.class.php 第 48 行.
NOTIC: [8] Undefined index: field D:\wamp\www\web\ThinkPHP\Library\Think\Db\Driver\Sqlite.class.php 第 42 行.
NOTIC: [8] Undefined index: field D:\wamp\www\web\ThinkPHP\Library\Think\Db\Driver\Sqlite.class.php 第 43 行.
NOTIC: [8] Undefined index: null D:\wamp\www\web\ThinkPHP\Library\Think\Db\Driver\Sqlite.class.php 第 45 行.
NOTIC: [8] Undefined index: default D:\wamp\www\web\ThinkPHP\Library\Think\Db\Driver\Sqlite.class.php 第 46 行.
NOTIC: [8] Undefined index: dey D:\wamp\www\web\ThinkPHP\Library\Think\Db\Driver\Sqlite.class.php 第 47 行.
NOTIC: [8] Undefined index: extra D:\wamp\www\web\ThinkPHP\Library\Think\Db\Driver\Sqlite.class.php 第 48 行.
NOTIC: [8] Undefined index: field D:\wamp\www\web\ThinkPHP\Library\Think\Db\Driver\Sqlite.class.php 第 42 行.
NOTIC: [8] Undefined index: field D:\wamp\www\web\ThinkPHP\Library\Think\Db\Driver\Sqlite.class.php 第 43 行.
NOTIC: [8] Undefined index: null D:\wamp\www\web\ThinkPHP\Library\Think\Db\Driver\Sqlite.class.php 第 45 行.
NOTIC: [8] Undefined index: default D:\wamp\www\web\ThinkPHP\Library\Think\Db\Driver\Sqlite.class.php 第 46 行.
NOTIC: [8] Undefined index: dey D:\wamp\www\web\ThinkPHP\Library\Think\Db\Driver\Sqlite.class.php 第 47 行.
NOTIC: [8] Undefined index: extra D:\wamp\www\web\ThinkPHP\Library\Think\Db\Driver\Sqlite.class.php 第 48 行.
NOTIC: [8] Undefined index: field D:\wamp\www\web\ThinkPHP\Library\Think\Db\Driver\Sqlite.class.php 第 42 行.
NOTIC: [8] Undefined index: field D:\wamp\www\web\ThinkPHP\Library\Think\Db\Driver\Sqlite.class.php 第 43 行.
NOTIC: [8] Undefined index: null D:\wamp\www\web\ThinkPHP\Library\Think\Db\Driver\Sqlite.class.php 第 45 行.
NOTIC: [8] Undefined index: default D:\wamp\www\web\ThinkPHP\Library\Think\Db\Driver\Sqlite.class.php 第 46 行.
NOTIC: [8] Undefined index: dey D:\wamp\www\web\ThinkPHP\Library\Think\Db\Driver\Sqlite.class.php 第 47 行.
NOTIC: [8] Undefined index: extra D:\wamp\www\web\ThinkPHP\Library\Think\Db\Driver\Sqlite.class.php 第 48 行.
NOTIC: [8] Undefined index: field D:\wamp\www\web\ThinkPHP\Library\Think\Db\Driver\Sqlite.class.php 第 42 行.
NOTIC: [8] Undefined index: field D:\wamp\www\web\ThinkPHP\Library\Think\Db\Driver\Sqlite.class.php 第 43 行.
NOTIC: [8] Undefined index: null D:\wamp\www\web\ThinkPHP\Library\Think\Db\Driver\Sqlite.class.php 第 45 行.
NOTIC: [8] Undefined index: default D:\wamp\www\web\ThinkPHP\Library\Think\Db\Driver\Sqlite.class.php 第 46 行.
NOTIC: [8] Undefined index: dey D:\wamp\www\web\ThinkPHP\Library\Think\Db\Driver\Sqlite.class.php 第 47 行.
NOTIC: [8] Undefined index: extra D:\wamp\www\web\ThinkPHP\Library\Think\Db\Driver\Sqlite.class.php 第 48 行.
SQL: SELECT COUNT(*) AS tp_count FROM tb_article WHERE ( channelid = '1' ) LIMIT 1   [ RunTime:0.0002s ]
SQL: SELECT * FROM tb_article WHERE ( channelid = '1' ) ORDER BY time desc LIMIT 8 OFFSET 0   [ RunTime:0.0003s ]
NOTIC: [8] Use of undefined constant allarticle - assumed 'allarticle' D:\wamp\www\web\Application\Admin\Controller\AdminController.class.php 第 28 行.
INFO: [ view_parse ] --START--
INFO: [ template_filter ] --START--
INFO: Run Behavior\ContentReplaceBehavior [ RunTime:0.000135s ]
INFO: [ template_filter ] --END-- [ RunTime:0.000335s ]
NOTIC: [8] Undefined variable: page D:\wamp\www\web\Application\Runtime\Cache\Admin\cd83b6b4d7c17ce8df7512e5df2e51e4.php 第 84 行.
NOTIC: [8] Undefined variable: page D:\wamp\www\web\Application\Runtime\Cache\Admin\cd83b6b4d7c17ce8df7512e5df2e51e4.php 第 85 行.
NOTIC: [8] Undefined variable: page D:\wamp\www\web\Application\Runtime\Cache\Admin\cd83b6b4d7c17ce8df7512e5df2e51e4.php 第 86 行.
INFO: Run Behavior\ParseTemplateBehavior [ RunTime:0.011046s ]
INFO: [ view_parse ] --END-- [ RunTime:0.011230s ]
INFO: [ view_filter ] --START--
INFO: Run Behavior\WriteHtmlCacheBehavior [ RunTime:0.000618s ]
INFO: [ view_filter ] --END-- [ RunTime:0.000781s ]
INFO: [ app_end ] --START--
INFO: Run Behavior\ShowPageTraceBehavior [ RunTime:0.001201s ]
INFO: [ app_end ] --END-- [ RunTime:0.001444s ]

