[ 2017-09-15T10:30:00+08:00 ] ::1 /web/
INFO: [ app_init ] --START--
INFO: Run Behavior\BuildLiteBehavior [ RunTime:0.000000s ]
INFO: [ app_init ] --END-- [ RunTime:0.002000s ]
INFO: [ app_begin ] --START--
INFO: Run Behavior\ReadHtmlCacheBehavior [ RunTime:0.000000s ]
INFO: [ app_begin ] --END-- [ RunTime:0.001000s ]
SQL: PRAGMA table_info( tb_article ) [ RunTime:0.0010s ]
NOTIC: [8] Undefined index: field D:\wamp\www\web\ThinkPHP\Library\Think\Db\Driver\Sqlite.class.php 第 42 行.
NOTIC: [8] Undefined index: field D:\wamp\www\web\ThinkPHP\Library\Think\Db\Driver\Sqlite.class.php 第 43 行.
NOTIC: [8] Undefined index: null D:\wamp\www\web\ThinkPHP\Library\Think\Db\Driver\Sqlite.class.php 第 45 行.
NOTIC: [8] Undefined index: default D:\wamp\www\web\ThinkPHP\Library\Think\Db\Driver\Sqlite.class.php 第 46 行.
NOTIC: [8] Undefined index: dey D:\wamp\www\web\ThinkPHP\Library\Think\Db\Driver\Sqlite.class.php 第 47 行.
NOTIC: [8] Undefined index: extra D:\wamp\www\web\ThinkPHP\Library\Think\Db\Driver\Sqlite.class.php 第 48 行.
NOTIC: [8] Undefined index: field D:\wamp\www\web\ThinkPHP\Library\Think\Db\Driver\Sqlite.class.php 第 42 行.
NOTIC: [8] Undefined index: field D:\wamp\www\web\ThinkPHP\Library\Think\Db\Driver\Sqlite.class.php 第 43 行.
NOTIC: [8] Undefined index: null D:\wamp\www\web\ThinkPHP\Library\Think\Db\Driver\Sqlite.class.php 第 45 行.
NOTIC: [8] Undefined index: default D:\wamp\www\web\ThinkPHP\Library\Think\Db\Driver\Sqlite.class.php 第 46 行.
NOTIC: [8] Undefined index: dey D:\wamp\www\web\ThinkPHP\Library\Think\Db\Driver\Sqlite.class.php 第 47 行.
NOTIC: [8] Undefined index: extra D:\wamp\www\web\ThinkPHP\Library\Think\Db\Driver\Sqlite.class.php 第 48 行.
NOTIC: [8] Undefined index: field D:\wamp\www\web\ThinkPHP\Library\Think\Db\Driver\Sqlite.class.php 第 42 行.
NOTIC: [8] Undefined index: field D:\wamp\www\web\ThinkPHP\Library\Think\Db\Driver\Sqlite.class.php 第 43 行.
NOTIC: [8] Undefined index: null D:\wamp\www\web\ThinkPHP\Library\Think\Db\Driver\Sqlite.class.php 第 45 行.
NOTIC: [8] Undefined index: default D:\wamp\www\web\ThinkPHP\Library\Think\Db\Driver\Sqlite.class.php 第 46 行.
NOTIC: [8] Undefined index: dey D:\wamp\www\web\ThinkPHP\Library\Think\Db\Driver\Sqlite.class.php 第 47 行.
NOTIC: [8] Undefined index: extra D:\wamp\www\web\ThinkPHP\Library\Think\Db\Driver\Sqlite.class.php 第 48 行.
NOTIC: [8] Undefined index: field D:\wamp\www\web\ThinkPHP\Library\Think\Db\Driver\Sqlite.class.php 第 42 行.
NOTIC: [8] Undefined index: field D:\wamp\www\web\ThinkPHP\Library\Think\Db\Driver\Sqlite.class.php 第 43 行.
NOTIC: [8] Undefined index: null D:\wamp\www\web\ThinkPHP\Library\Think\Db\Driver\Sqlite.class.php 第 45 行.
NOTIC: [8] Undefined index: default D:\wamp\www\web\ThinkPHP\Library\Think\Db\Driver\Sqlite.class.php 第 46 行.
NOTIC: [8] Undefined index: dey D:\wamp\www\web\ThinkPHP\Library\Think\Db\Driver\Sqlite.class.php 第 47 行.
NOTIC: [8] Undefined index: extra D:\wamp\www\web\ThinkPHP\Library\Think\Db\Driver\Sqlite.class.php 第 48 行.
NOTIC: [8] Undefined index: field D:\wamp\www\web\ThinkPHP\Library\Think\Db\Driver\Sqlite.class.php 第 42 行.
NOTIC: [8] Undefined index: field D:\wamp\www\web\ThinkPHP\Library\Think\Db\Driver\Sqlite.class.php 第 43 行.
NOTIC: [8] Undefined index: null D:\wamp\www\web\ThinkPHP\Library\Think\Db\Driver\Sqlite.class.php 第 45 行.
NOTIC: [8] Undefined index: default D:\wamp\www\web\ThinkPHP\Library\Think\Db\Driver\Sqlite.class.php 第 46 行.
NOTIC: [8] Undefined index: dey D:\wamp\www\web\ThinkPHP\Library\Think\Db\Driver\Sqlite.class.php 第 47 行.
NOTIC: [8] Undefined index: extra D:\wamp\www\web\ThinkPHP\Library\Think\Db\Driver\Sqlite.class.php 第 48 行.
NOTIC: [8] Undefined index: field D:\wamp\www\web\ThinkPHP\Library\Think\Db\Driver\Sqlite.class.php 第 42 行.
NOTIC: [8] Undefined index: field D:\wamp\www\web\ThinkPHP\Library\Think\Db\Driver\Sqlite.class.php 第 43 行.
NOTIC: [8] Undefined index: null D:\wamp\www\web\ThinkPHP\Library\Think\Db\Driver\Sqlite.class.php 第 45 行.
NOTIC: [8] Undefined index: default D:\wamp\www\web\ThinkPHP\Library\Think\Db\Driver\Sqlite.class.php 第 46 行.
NOTIC: [8] Undefined index: dey D:\wamp\www\web\ThinkPHP\Library\Think\Db\Driver\Sqlite.class.php 第 47 行.
NOTIC: [8] Undefined index: extra D:\wamp\www\web\ThinkPHP\Library\Think\Db\Driver\Sqlite.class.php 第 48 行.
NOTIC: [8] Undefined index: field D:\wamp\www\web\ThinkPHP\Library\Think\Db\Driver\Sqlite.class.php 第 42 行.
NOTIC: [8] Undefined index: field D:\wamp\www\web\ThinkPHP\Library\Think\Db\Driver\Sqlite.class.php 第 43 行.
NOTIC: [8] Undefined index: null D:\wamp\www\web\ThinkPHP\Library\Think\Db\Driver\Sqlite.class.php 第 45 行.
NOTIC: [8] Undefined index: default D:\wamp\www\web\ThinkPHP\Library\Think\Db\Driver\Sqlite.class.php 第 46 行.
NOTIC: [8] Undefined index: dey D:\wamp\www\web\ThinkPHP\Library\Think\Db\Driver\Sqlite.class.php 第 47 行.
NOTIC: [8] Undefined index: extra D:\wamp\www\web\ThinkPHP\Library\Think\Db\Driver\Sqlite.class.php 第 48 行.
NOTIC: [8] Undefined index: field D:\wamp\www\web\ThinkPHP\Library\Think\Db\Driver\Sqlite.class.php 第 42 行.
NOTIC: [8] Undefined index: field D:\wamp\www\web\ThinkPHP\Library\Think\Db\Driver\Sqlite.class.php 第 43 行.
NOTIC: [8] Undefined index: null D:\wamp\www\web\ThinkPHP\Library\Think\Db\Driver\Sqlite.class.php 第 45 行.
NOTIC: [8] Undefined index: default D:\wamp\www\web\ThinkPHP\Library\Think\Db\Driver\Sqlite.class.php 第 46 行.
NOTIC: [8] Undefined index: dey D:\wamp\www\web\ThinkPHP\Library\Think\Db\Driver\Sqlite.class.php 第 47 行.
NOTIC: [8] Undefined index: extra D:\wamp\www\web\ThinkPHP\Library\Think\Db\Driver\Sqlite.class.php 第 48 行.
NOTIC: [8] Undefined index: field D:\wamp\www\web\ThinkPHP\Library\Think\Db\Driver\Sqlite.class.php 第 42 行.
NOTIC: [8] Undefined index: field D:\wamp\www\web\ThinkPHP\Library\Think\Db\Driver\Sqlite.class.php 第 43 行.
NOTIC: [8] Undefined index: null D:\wamp\www\web\ThinkPHP\Library\Think\Db\Driver\Sqlite.class.php 第 45 行.
NOTIC: [8] Undefined index: default D:\wamp\www\web\ThinkPHP\Library\Think\Db\Driver\Sqlite.class.php 第 46 行.
NOTIC: [8] Undefined index: dey D:\wamp\www\web\ThinkPHP\Library\Think\Db\Driver\Sqlite.class.php 第 47 行.
NOTIC: [8] Undefined index: extra D:\wamp\www\web\ThinkPHP\Library\Think\Db\Driver\Sqlite.class.php 第 48 行.
NOTIC: [8] Undefined index: field D:\wamp\www\web\ThinkPHP\Library\Think\Db\Driver\Sqlite.class.php 第 42 行.
NOTIC: [8] Undefined index: field D:\wamp\www\web\ThinkPHP\Library\Think\Db\Driver\Sqlite.class.php 第 43 行.
NOTIC: [8] Undefined index: null D:\wamp\www\web\ThinkPHP\Library\Think\Db\Driver\Sqlite.class.php 第 45 行.
NOTIC: [8] Undefined index: default D:\wamp\www\web\ThinkPHP\Library\Think\Db\Driver\Sqlite.class.php 第 46 行.
NOTIC: [8] Undefined index: dey D:\wamp\www\web\ThinkPHP\Library\Think\Db\Driver\Sqlite.class.php 第 47 行.
NOTIC: [8] Undefined index: extra D:\wamp\www\web\ThinkPHP\Library\Think\Db\Driver\Sqlite.class.php 第 48 行.
SQL: SELECT * FROM tb_article WHERE ( channelid = 1 AND url = '#' ) ORDER BY time desc LIMIT 5   [ RunTime:0.0000s ]
SQL: SELECT * FROM tb_article WHERE ( channelid = 5 ) ORDER BY time desc LIMIT 4   [ RunTime:0.0010s ]
INFO: [ view_parse ] --START--
INFO: [ template_filter ] --START--
INFO: Run Behavior\ContentReplaceBehavior [ RunTime:0.003001s ]
INFO: [ template_filter ] --END-- [ RunTime:0.003001s ]
INFO: Run Behavior\ParseTemplateBehavior [ RunTime:0.028002s ]
INFO: [ view_parse ] --END-- [ RunTime:0.028002s ]
INFO: [ view_filter ] --START--
INFO: Run Behavior\WriteHtmlCacheBehavior [ RunTime:0.000000s ]
INFO: [ view_filter ] --END-- [ RunTime:0.000000s ]
INFO: [ app_end ] --START--
INFO: Run Behavior\ShowPageTraceBehavior [ RunTime:0.000000s ]
INFO: [ app_end ] --END-- [ RunTime:0.001000s ]

[ 2017-09-15T10:30:03+08:00 ] ::1 /web/Index/index/about.html
INFO: [ app_init ] --START--
INFO: Run Behavior\BuildLiteBehavior [ RunTime:0.000000s ]
INFO: [ app_init ] --END-- [ RunTime:0.001000s ]
INFO: [ app_begin ] --START--
INFO: Run Behavior\ReadHtmlCacheBehavior [ RunTime:0.001000s ]
INFO: [ app_begin ] --END-- [ RunTime:0.001000s ]
INFO: [ view_parse ] --START--
INFO: [ template_filter ] --START--
INFO: Run Behavior\ContentReplaceBehavior [ RunTime:0.000000s ]
INFO: [ template_filter ] --END-- [ RunTime:0.000000s ]
INFO: Run Behavior\ParseTemplateBehavior [ RunTime:0.007001s ]
INFO: [ view_parse ] --END-- [ RunTime:0.007001s ]
INFO: [ view_filter ] --START--
INFO: Run Behavior\WriteHtmlCacheBehavior [ RunTime:0.001000s ]
INFO: [ view_filter ] --END-- [ RunTime:0.001000s ]
INFO: [ app_end ] --START--
INFO: Run Behavior\ShowPageTraceBehavior [ RunTime:0.001000s ]
INFO: [ app_end ] --END-- [ RunTime:0.001000s ]

[ 2017-09-15T10:31:40+08:00 ] ::1 /web/index/about.html
INFO: [ app_init ] --START--
INFO: Run Behavior\BuildLiteBehavior [ RunTime:0.000000s ]
INFO: [ app_init ] --END-- [ RunTime:0.001000s ]
INFO: [ app_begin ] --START--
INFO: Run Behavior\ReadHtmlCacheBehavior [ RunTime:0.001000s ]
INFO: [ app_begin ] --END-- [ RunTime:0.001000s ]
ERR: 无法加载控制器:About

[ 2017-09-15T10:32:03+08:00 ] ::1 /web/index.php/index/about.html
INFO: [ app_init ] --START--
INFO: Run Behavior\BuildLiteBehavior [ RunTime:0.000000s ]
INFO: [ app_init ] --END-- [ RunTime:0.001000s ]
INFO: [ app_begin ] --START--
INFO: Run Behavior\ReadHtmlCacheBehavior [ RunTime:0.001000s ]
INFO: [ app_begin ] --END-- [ RunTime:0.001000s ]
INFO: [ view_parse ] --START--
INFO: [ template_filter ] --START--
INFO: Run Behavior\ContentReplaceBehavior [ RunTime:0.000000s ]
INFO: [ template_filter ] --END-- [ RunTime:0.000000s ]
INFO: Run Behavior\ParseTemplateBehavior [ RunTime:0.009001s ]
INFO: [ view_parse ] --END-- [ RunTime:0.009001s ]
INFO: [ view_filter ] --START--
INFO: Run Behavior\WriteHtmlCacheBehavior [ RunTime:0.001000s ]
INFO: [ view_filter ] --END-- [ RunTime:0.001000s ]
INFO: [ app_end ] --START--
INFO: Run Behavior\ShowPageTraceBehavior [ RunTime:0.000000s ]
INFO: [ app_end ] --END-- [ RunTime:0.000000s ]

[ 2017-09-15T10:38:08+08:00 ] ::1 /web/index.php/index/about.html
INFO: [ app_init ] --START--
INFO: Run Behavior\BuildLiteBehavior [ RunTime:0.000000s ]
INFO: [ app_init ] --END-- [ RunTime:0.000000s ]
INFO: [ app_begin ] --START--
INFO: Run Behavior\ReadHtmlCacheBehavior [ RunTime:0.001000s ]
INFO: [ app_begin ] --END-- [ RunTime:0.001000s ]
INFO: [ view_parse ] --START--
INFO: [ template_filter ] --START--
INFO: Run Behavior\ContentReplaceBehavior [ RunTime:0.001000s ]
INFO: [ template_filter ] --END-- [ RunTime:0.001000s ]
INFO: Run Behavior\ParseTemplateBehavior [ RunTime:0.007000s ]
INFO: [ view_parse ] --END-- [ RunTime:0.007000s ]
INFO: [ view_filter ] --START--
INFO: Run Behavior\WriteHtmlCacheBehavior [ RunTime:0.000000s ]
INFO: [ view_filter ] --END-- [ RunTime:0.000000s ]
INFO: [ app_end ] --START--
INFO: Run Behavior\ShowPageTraceBehavior [ RunTime:0.001000s ]
INFO: [ app_end ] --END-- [ RunTime:0.001000s ]

[ 2017-09-15T10:38:41+08:00 ] ::1 /web/Index/New/news.html
INFO: [ app_init ] --START--
INFO: Run Behavior\BuildLiteBehavior [ RunTime:0.000000s ]
INFO: [ app_init ] --END-- [ RunTime:0.001000s ]
INFO: [ app_begin ] --START--
INFO: Run Behavior\ReadHtmlCacheBehavior [ RunTime:0.001000s ]
INFO: [ app_begin ] --END-- [ RunTime:0.001000s ]
SQL: PRAGMA table_info( tb_article ) [ RunTime:0.0000s ]
NOTIC: [8] Undefined index: field D:\wamp\www\web\ThinkPHP\Library\Think\Db\Driver\Sqlite.class.php 第 42 行.
NOTIC: [8] Undefined index: field D:\wamp\www\web\ThinkPHP\Library\Think\Db\Driver\Sqlite.class.php 第 43 行.
NOTIC: [8] Undefined index: null D:\wamp\www\web\ThinkPHP\Library\Think\Db\Driver\Sqlite.class.php 第 45 行.
NOTIC: [8] Undefined index: default D:\wamp\www\web\ThinkPHP\Library\Think\Db\Driver\Sqlite.class.php 第 46 行.
NOTIC: [8] Undefined index: dey D:\wamp\www\web\ThinkPHP\Library\Think\Db\Driver\Sqlite.class.php 第 47 行.
NOTIC: [8] Undefined index: extra D:\wamp\www\web\ThinkPHP\Library\Think\Db\Driver\Sqlite.class.php 第 48 行.
NOTIC: [8] Undefined index: field D:\wamp\www\web\ThinkPHP\Library\Think\Db\Driver\Sqlite.class.php 第 42 行.
NOTIC: [8] Undefined index: field D:\wamp\www\web\ThinkPHP\Library\Think\Db\Driver\Sqlite.class.php 第 43 行.
NOTIC: [8] Undefined index: null D:\wamp\www\web\ThinkPHP\Library\Think\Db\Driver\Sqlite.class.php 第 45 行.
NOTIC: [8] Undefined index: default D:\wamp\www\web\ThinkPHP\Library\Think\Db\Driver\Sqlite.class.php 第 46 行.
NOTIC: [8] Undefined index: dey D:\wamp\www\web\ThinkPHP\Library\Think\Db\Driver\Sqlite.class.php 第 47 行.
NOTIC: [8] Undefined index: extra D:\wamp\www\web\ThinkPHP\Library\Think\Db\Driver\Sqlite.class.php 第 48 行.
NOTIC: [8] Undefined index: field D:\wamp\www\web\ThinkPHP\Library\Think\Db\Driver\Sqlite.class.php 第 42 行.
NOTIC: [8] Undefined index: field D:\wamp\www\web\ThinkPHP\Library\Think\Db\Driver\Sqlite.class.php 第 43 行.
NOTIC: [8] Undefined index: null D:\wamp\www\web\ThinkPHP\Library\Think\Db\Driver\Sqlite.class.php 第 45 行.
NOTIC: [8] Undefined index: default D:\wamp\www\web\ThinkPHP\Library\Think\Db\Driver\Sqlite.class.php 第 46 行.
NOTIC: [8] Undefined index: dey D:\wamp\www\web\ThinkPHP\Library\Think\Db\Driver\Sqlite.class.php 第 47 行.
NOTIC: [8] Undefined index: extra D:\wamp\www\web\ThinkPHP\Library\Think\Db\Driver\Sqlite.class.php 第 48 行.
NOTIC: [8] Undefined index: field D:\wamp\www\web\ThinkPHP\Library\Think\Db\Driver\Sqlite.class.php 第 42 行.
NOTIC: [8] Undefined index: field D:\wamp\www\web\ThinkPHP\Library\Think\Db\Driver\Sqlite.class.php 第 43 行.
NOTIC: [8] Undefined index: null D:\wamp\www\web\ThinkPHP\Library\Think\Db\Driver\Sqlite.class.php 第 45 行.
NOTIC: [8] Undefined index: default D:\wamp\www\web\ThinkPHP\Library\Think\Db\Driver\Sqlite.class.php 第 46 行.
NOTIC: [8] Undefined index: dey D:\wamp\www\web\ThinkPHP\Library\Think\Db\Driver\Sqlite.class.php 第 47 行.
NOTIC: [8] Undefined index: extra D:\wamp\www\web\ThinkPHP\Library\Think\Db\Driver\Sqlite.class.php 第 48 行.
NOTIC: [8] Undefined index: field D:\wamp\www\web\ThinkPHP\Library\Think\Db\Driver\Sqlite.class.php 第 42 行.
NOTIC: [8] Undefined index: field D:\wamp\www\web\ThinkPHP\Library\Think\Db\Driver\Sqlite.class.php 第 43 行.
NOTIC: [8] Undefined index: null D:\wamp\www\web\ThinkPHP\Library\Think\Db\Driver\Sqlite.class.php 第 45 行.
NOTIC: [8] Undefined index: default D:\wamp\www\web\ThinkPHP\Library\Think\Db\Driver\Sqlite.class.php 第 46 行.
NOTIC: [8] Undefined index: dey D:\wamp\www\web\ThinkPHP\Library\Think\Db\Driver\Sqlite.class.php 第 47 行.
NOTIC: [8] Undefined index: extra D:\wamp\www\web\ThinkPHP\Library\Think\Db\Driver\Sqlite.class.php 第 48 行.
NOTIC: [8] Undefined index: field D:\wamp\www\web\ThinkPHP\Library\Think\Db\Driver\Sqlite.class.php 第 42 行.
NOTIC: [8] Undefined index: field D:\wamp\www\web\ThinkPHP\Library\Think\Db\Driver\Sqlite.class.php 第 43 行.
NOTIC: [8] Undefined index: null D:\wamp\www\web\ThinkPHP\Library\Think\Db\Driver\Sqlite.class.php 第 45 行.
NOTIC: [8] Undefined index: default D:\wamp\www\web\ThinkPHP\Library\Think\Db\Driver\Sqlite.class.php 第 46 行.
NOTIC: [8] Undefined index: dey D:\wamp\www\web\ThinkPHP\Library\Think\Db\Driver\Sqlite.class.php 第 47 行.
NOTIC: [8] Undefined index: extra D:\wamp\www\web\ThinkPHP\Library\Think\Db\Driver\Sqlite.class.php 第 48 行.
NOTIC: [8] Undefined index: field D:\wamp\www\web\ThinkPHP\Library\Think\Db\Driver\Sqlite.class.php 第 42 行.
NOTIC: [8] Undefined index: field D:\wamp\www\web\ThinkPHP\Library\Think\Db\Driver\Sqlite.class.php 第 43 行.
NOTIC: [8] Undefined index: null D:\wamp\www\web\ThinkPHP\Library\Think\Db\Driver\Sqlite.class.php 第 45 行.
NOTIC: [8] Undefined index: default D:\wamp\www\web\ThinkPHP\Library\Think\Db\Driver\Sqlite.class.php 第 46 行.
NOTIC: [8] Undefined index: dey D:\wamp\www\web\ThinkPHP\Library\Think\Db\Driver\Sqlite.class.php 第 47 行.
NOTIC: [8] Undefined index: extra D:\wamp\www\web\ThinkPHP\Library\Think\Db\Driver\Sqlite.class.php 第 48 行.
NOTIC: [8] Undefined index: field D:\wamp\www\web\ThinkPHP\Library\Think\Db\Driver\Sqlite.class.php 第 42 行.
NOTIC: [8] Undefined index: field D:\wamp\www\web\ThinkPHP\Library\Think\Db\Driver\Sqlite.class.php 第 43 行.
NOTIC: [8] Undefined index: null D:\wamp\www\web\ThinkPHP\Library\Think\Db\Driver\Sqlite.class.php 第 45 行.
NOTIC: [8] Undefined index: default D:\wamp\www\web\ThinkPHP\Library\Think\Db\Driver\Sqlite.class.php 第 46 行.
NOTIC: [8] Undefined index: dey D:\wamp\www\web\ThinkPHP\Library\Think\Db\Driver\Sqlite.class.php 第 47 行.
NOTIC: [8] Undefined index: extra D:\wamp\www\web\ThinkPHP\Library\Think\Db\Driver\Sqlite.class.php 第 48 行.
NOTIC: [8] Undefined index: field D:\wamp\www\web\ThinkPHP\Library\Think\Db\Driver\Sqlite.class.php 第 42 行.
NOTIC: [8] Undefined index: field D:\wamp\www\web\ThinkPHP\Library\Think\Db\Driver\Sqlite.class.php 第 43 行.
NOTIC: [8] Undefined index: null D:\wamp\www\web\ThinkPHP\Library\Think\Db\Driver\Sqlite.class.php 第 45 行.
NOTIC: [8] Undefined index: default D:\wamp\www\web\ThinkPHP\Library\Think\Db\Driver\Sqlite.class.php 第 46 行.
NOTIC: [8] Undefined index: dey D:\wamp\www\web\ThinkPHP\Library\Think\Db\Driver\Sqlite.class.php 第 47 行.
NOTIC: [8] Undefined index: extra D:\wamp\www\web\ThinkPHP\Library\Think\Db\Driver\Sqlite.class.php 第 48 行.
NOTIC: [8] Undefined index: field D:\wamp\www\web\ThinkPHP\Library\Think\Db\Driver\Sqlite.class.php 第 42 行.
NOTIC: [8] Undefined index: field D:\wamp\www\web\ThinkPHP\Library\Think\Db\Driver\Sqlite.class.php 第 43 行.
NOTIC: [8] Undefined index: null D:\wamp\www\web\ThinkPHP\Library\Think\Db\Driver\Sqlite.class.php 第 45 行.
NOTIC: [8] Undefined index: default D:\wamp\www\web\ThinkPHP\Library\Think\Db\Driver\Sqlite.class.php 第 46 行.
NOTIC: [8] Undefined index: dey D:\wamp\www\web\ThinkPHP\Library\Think\Db\Driver\Sqlite.class.php 第 47 行.
NOTIC: [8] Undefined index: extra D:\wamp\www\web\ThinkPHP\Library\Think\Db\Driver\Sqlite.class.php 第 48 行.
SQL: SELECT COUNT(*) AS tp_count FROM tb_article WHERE ( channelid = 1 ) LIMIT 1   [ RunTime:0.0000s ]
SQL: SELECT * FROM tb_article WHERE ( channelid = 1 ) ORDER BY time desc LIMIT 10 OFFSET 0   [ RunTime:0.0000s ]
SQL: PRAGMA table_info( tb_channel ) [ RunTime:0.0000s ]
NOTIC: [8] Undefined index: field D:\wamp\www\web\ThinkPHP\Library\Think\Db\Driver\Sqlite.class.php 第 42 行.
NOTIC: [8] Undefined index: field D:\wamp\www\web\ThinkPHP\Library\Think\Db\Driver\Sqlite.class.php 第 43 行.
NOTIC: [8] Undefined index: null D:\wamp\www\web\ThinkPHP\Library\Think\Db\Driver\Sqlite.class.php 第 45 行.
NOTIC: [8] Undefined index: default D:\wamp\www\web\ThinkPHP\Library\Think\Db\Driver\Sqlite.class.php 第 46 行.
NOTIC: [8] Undefined index: dey D:\wamp\www\web\ThinkPHP\Library\Think\Db\Driver\Sqlite.class.php 第 47 行.
NOTIC: [8] Undefined index: extra D:\wamp\www\web\ThinkPHP\Library\Think\Db\Driver\Sqlite.class.php 第 48 行.
NOTIC: [8] Undefined index: field D:\wamp\www\web\ThinkPHP\Library\Think\Db\Driver\Sqlite.class.php 第 42 行.
NOTIC: [8] Undefined index: field D:\wamp\www\web\ThinkPHP\Library\Think\Db\Driver\Sqlite.class.php 第 43 行.
NOTIC: [8] Undefined index: null D:\wamp\www\web\ThinkPHP\Library\Think\Db\Driver\Sqlite.class.php 第 45 行.
NOTIC: [8] Undefined index: default D:\wamp\www\web\ThinkPHP\Library\Think\Db\Driver\Sqlite.class.php 第 46 行.
NOTIC: [8] Undefined index: dey D:\wamp\www\web\ThinkPHP\Library\Think\Db\Driver\Sqlite.class.php 第 47 行.
NOTIC: [8] Undefined index: extra D:\wamp\www\web\ThinkPHP\Library\Think\Db\Driver\Sqlite.class.php 第 48 行.
SQL: SELECT * FROM tb_channel WHERE ( id = 1 ) LIMIT 1   [ RunTime:0.0000s ]
INFO: [ view_parse ] --START--
INFO: [ template_filter ] --START--
INFO: Run Behavior\ContentReplaceBehavior [ RunTime:0.000000s ]
INFO: [ template_filter ] --END-- [ RunTime:0.000000s ]
INFO: Run Behavior\ParseTemplateBehavior [ RunTime:0.008000s ]
INFO: [ view_parse ] --END-- [ RunTime:0.008000s ]
INFO: [ view_filter ] --START--
INFO: Run Behavior\WriteHtmlCacheBehavior [ RunTime:0.001000s ]
INFO: [ view_filter ] --END-- [ RunTime:0.001000s ]
INFO: [ app_end ] --START--
INFO: Run Behavior\ShowPageTraceBehavior [ RunTime:0.000000s ]
INFO: [ app_end ] --END-- [ RunTime:0.000000s ]

[ 2017-09-15T10:38:47+08:00 ] ::1 /web/New/news.html
INFO: [ app_init ] --START--
INFO: Run Behavior\BuildLiteBehavior [ RunTime:0.000000s ]
INFO: [ app_init ] --END-- [ RunTime:0.001000s ]
INFO: [ app_begin ] --START--
INFO: Run Behavior\ReadHtmlCacheBehavior [ RunTime:0.001000s ]
INFO: [ app_begin ] --END-- [ RunTime:0.001000s ]
SQL: PRAGMA table_info( tb_article ) [ RunTime:0.0000s ]
NOTIC: [8] Undefined index: field D:\wamp\www\web\ThinkPHP\Library\Think\Db\Driver\Sqlite.class.php 第 42 行.
NOTIC: [8] Undefined index: field D:\wamp\www\web\ThinkPHP\Library\Think\Db\Driver\Sqlite.class.php 第 43 行.
NOTIC: [8] Undefined index: null D:\wamp\www\web\ThinkPHP\Library\Think\Db\Driver\Sqlite.class.php 第 45 行.
NOTIC: [8] Undefined index: default D:\wamp\www\web\ThinkPHP\Library\Think\Db\Driver\Sqlite.class.php 第 46 行.
NOTIC: [8] Undefined index: dey D:\wamp\www\web\ThinkPHP\Library\Think\Db\Driver\Sqlite.class.php 第 47 行.
NOTIC: [8] Undefined index: extra D:\wamp\www\web\ThinkPHP\Library\Think\Db\Driver\Sqlite.class.php 第 48 行.
NOTIC: [8] Undefined index: field D:\wamp\www\web\ThinkPHP\Library\Think\Db\Driver\Sqlite.class.php 第 42 行.
NOTIC: [8] Undefined index: field D:\wamp\www\web\ThinkPHP\Library\Think\Db\Driver\Sqlite.class.php 第 43 行.
NOTIC: [8] Undefined index: null D:\wamp\www\web\ThinkPHP\Library\Think\Db\Driver\Sqlite.class.php 第 45 行.
NOTIC: [8] Undefined index: default D:\wamp\www\web\ThinkPHP\Library\Think\Db\Driver\Sqlite.class.php 第 46 行.
NOTIC: [8] Undefined index: dey D:\wamp\www\web\ThinkPHP\Library\Think\Db\Driver\Sqlite.class.php 第 47 行.
NOTIC: [8] Undefined index: extra D:\wamp\www\web\ThinkPHP\Library\Think\Db\Driver\Sqlite.class.php 第 48 行.
NOTIC: [8] Undefined index: field D:\wamp\www\web\ThinkPHP\Library\Think\Db\Driver\Sqlite.class.php 第 42 行.
NOTIC: [8] Undefined index: field D:\wamp\www\web\ThinkPHP\Library\Think\Db\Driver\Sqlite.class.php 第 43 行.
NOTIC: [8] Undefined index: null D:\wamp\www\web\ThinkPHP\Library\Think\Db\Driver\Sqlite.class.php 第 45 行.
NOTIC: [8] Undefined index: default D:\wamp\www\web\ThinkPHP\Library\Think\Db\Driver\Sqlite.class.php 第 46 行.
NOTIC: [8] Undefined index: dey D:\wamp\www\web\ThinkPHP\Library\Think\Db\Driver\Sqlite.class.php 第 47 行.
NOTIC: [8] Undefined index: extra D:\wamp\www\web\ThinkPHP\Library\Think\Db\Driver\Sqlite.class.php 第 48 行.
NOTIC: [8] Undefined index: field D:\wamp\www\web\ThinkPHP\Library\Think\Db\Driver\Sqlite.class.php 第 42 行.
NOTIC: [8] Undefined index: field D:\wamp\www\web\ThinkPHP\Library\Think\Db\Driver\Sqlite.class.php 第 43 行.
NOTIC: [8] Undefined index: null D:\wamp\www\web\ThinkPHP\Library\Think\Db\Driver\Sqlite.class.php 第 45 行.
NOTIC: [8] Undefined index: default D:\wamp\www\web\ThinkPHP\Library\Think\Db\Driver\Sqlite.class.php 第 46 行.
NOTIC: [8] Undefined index: dey D:\wamp\www\web\ThinkPHP\Library\Think\Db\Driver\Sqlite.class.php 第 47 行.
NOTIC: [8] Undefined index: extra D:\wamp\www\web\ThinkPHP\Library\Think\Db\Driver\Sqlite.class.php 第 48 行.
NOTIC: [8] Undefined index: field D:\wamp\www\web\ThinkPHP\Library\Think\Db\Driver\Sqlite.class.php 第 42 行.
NOTIC: [8] Undefined index: field D:\wamp\www\web\ThinkPHP\Library\Think\Db\Driver\Sqlite.class.php 第 43 行.
NOTIC: [8] Undefined index: null D:\wamp\www\web\ThinkPHP\Library\Think\Db\Driver\Sqlite.class.php 第 45 行.
NOTIC: [8] Undefined index: default D:\wamp\www\web\ThinkPHP\Library\Think\Db\Driver\Sqlite.class.php 第 46 行.
NOTIC: [8] Undefined index: dey D:\wamp\www\web\ThinkPHP\Library\Think\Db\Driver\Sqlite.class.php 第 47 行.
NOTIC: [8] Undefined index: extra D:\wamp\www\web\ThinkPHP\Library\Think\Db\Driver\Sqlite.class.php 第 48 行.
NOTIC: [8] Undefined index: field D:\wamp\www\web\ThinkPHP\Library\Think\Db\Driver\Sqlite.class.php 第 42 行.
NOTIC: [8] Undefined index: field D:\wamp\www\web\ThinkPHP\Library\Think\Db\Driver\Sqlite.class.php 第 43 行.
NOTIC: [8] Undefined index: null D:\wamp\www\web\ThinkPHP\Library\Think\Db\Driver\Sqlite.class.php 第 45 行.
NOTIC: [8] Undefined index: default D:\wamp\www\web\ThinkPHP\Library\Think\Db\Driver\Sqlite.class.php 第 46 行.
NOTIC: [8] Undefined index: dey D:\wamp\www\web\ThinkPHP\Library\Think\Db\Driver\Sqlite.class.php 第 47 行.
NOTIC: [8] Undefined index: extra D:\wamp\www\web\ThinkPHP\Library\Think\Db\Driver\Sqlite.class.php 第 48 行.
NOTIC: [8] Undefined index: field D:\wamp\www\web\ThinkPHP\Library\Think\Db\Driver\Sqlite.class.php 第 42 行.
NOTIC: [8] Undefined index: field D:\wamp\www\web\ThinkPHP\Library\Think\Db\Driver\Sqlite.class.php 第 43 行.
NOTIC: [8] Undefined index: null D:\wamp\www\web\ThinkPHP\Library\Think\Db\Driver\Sqlite.class.php 第 45 行.
NOTIC: [8] Undefined index: default D:\wamp\www\web\ThinkPHP\Library\Think\Db\Driver\Sqlite.class.php 第 46 行.
NOTIC: [8] Undefined index: dey D:\wamp\www\web\ThinkPHP\Library\Think\Db\Driver\Sqlite.class.php 第 47 行.
NOTIC: [8] Undefined index: extra D:\wamp\www\web\ThinkPHP\Library\Think\Db\Driver\Sqlite.class.php 第 48 行.
NOTIC: [8] Undefined index: field D:\wamp\www\web\ThinkPHP\Library\Think\Db\Driver\Sqlite.class.php 第 42 行.
NOTIC: [8] Undefined index: field D:\wamp\www\web\ThinkPHP\Library\Think\Db\Driver\Sqlite.class.php 第 43 行.
NOTIC: [8] Undefined index: null D:\wamp\www\web\ThinkPHP\Library\Think\Db\Driver\Sqlite.class.php 第 45 行.
NOTIC: [8] Undefined index: default D:\wamp\www\web\ThinkPHP\Library\Think\Db\Driver\Sqlite.class.php 第 46 行.
NOTIC: [8] Undefined index: dey D:\wamp\www\web\ThinkPHP\Library\Think\Db\Driver\Sqlite.class.php 第 47 行.
NOTIC: [8] Undefined index: extra D:\wamp\www\web\ThinkPHP\Library\Think\Db\Driver\Sqlite.class.php 第 48 行.
NOTIC: [8] Undefined index: field D:\wamp\www\web\ThinkPHP\Library\Think\Db\Driver\Sqlite.class.php 第 42 行.
NOTIC: [8] Undefined index: field D:\wamp\www\web\ThinkPHP\Library\Think\Db\Driver\Sqlite.class.php 第 43 行.
NOTIC: [8] Undefined index: null D:\wamp\www\web\ThinkPHP\Library\Think\Db\Driver\Sqlite.class.php 第 45 行.
NOTIC: [8] Undefined index: default D:\wamp\www\web\ThinkPHP\Library\Think\Db\Driver\Sqlite.class.php 第 46 行.
NOTIC: [8] Undefined index: dey D:\wamp\www\web\ThinkPHP\Library\Think\Db\Driver\Sqlite.class.php 第 47 行.
NOTIC: [8] Undefined index: extra D:\wamp\www\web\ThinkPHP\Library\Think\Db\Driver\Sqlite.class.php 第 48 行.
NOTIC: [8] Undefined index: field D:\wamp\www\web\ThinkPHP\Library\Think\Db\Driver\Sqlite.class.php 第 42 行.
NOTIC: [8] Undefined index: field D:\wamp\www\web\ThinkPHP\Library\Think\Db\Driver\Sqlite.class.php 第 43 行.
NOTIC: [8] Undefined index: null D:\wamp\www\web\ThinkPHP\Library\Think\Db\Driver\Sqlite.class.php 第 45 行.
NOTIC: [8] Undefined index: default D:\wamp\www\web\ThinkPHP\Library\Think\Db\Driver\Sqlite.class.php 第 46 行.
NOTIC: [8] Undefined index: dey D:\wamp\www\web\ThinkPHP\Library\Think\Db\Driver\Sqlite.class.php 第 47 行.
NOTIC: [8] Undefined index: extra D:\wamp\www\web\ThinkPHP\Library\Think\Db\Driver\Sqlite.class.php 第 48 行.
SQL: SELECT COUNT(*) AS tp_count FROM tb_article WHERE ( channelid = 1 ) LIMIT 1   [ RunTime:0.0000s ]
SQL: SELECT * FROM tb_article WHERE ( channelid = 1 ) ORDER BY time desc LIMIT 10 OFFSET 0   [ RunTime:0.0010s ]
SQL: PRAGMA table_info( tb_channel ) [ RunTime:0.0000s ]
NOTIC: [8] Undefined index: field D:\wamp\www\web\ThinkPHP\Library\Think\Db\Driver\Sqlite.class.php 第 42 行.
NOTIC: [8] Undefined index: field D:\wamp\www\web\ThinkPHP\Library\Think\Db\Driver\Sqlite.class.php 第 43 行.
NOTIC: [8] Undefined index: null D:\wamp\www\web\ThinkPHP\Library\Think\Db\Driver\Sqlite.class.php 第 45 行.
NOTIC: [8] Undefined index: default D:\wamp\www\web\ThinkPHP\Library\Think\Db\Driver\Sqlite.class.php 第 46 行.
NOTIC: [8] Undefined index: dey D:\wamp\www\web\ThinkPHP\Library\Think\Db\Driver\Sqlite.class.php 第 47 行.
NOTIC: [8] Undefined index: extra D:\wamp\www\web\ThinkPHP\Library\Think\Db\Driver\Sqlite.class.php 第 48 行.
NOTIC: [8] Undefined index: field D:\wamp\www\web\ThinkPHP\Library\Think\Db\Driver\Sqlite.class.php 第 42 行.
NOTIC: [8] Undefined index: field D:\wamp\www\web\ThinkPHP\Library\Think\Db\Driver\Sqlite.class.php 第 43 行.
NOTIC: [8] Undefined index: null D:\wamp\www\web\ThinkPHP\Library\Think\Db\Driver\Sqlite.class.php 第 45 行.
NOTIC: [8] Undefined index: default D:\wamp\www\web\ThinkPHP\Library\Think\Db\Driver\Sqlite.class.php 第 46 行.
NOTIC: [8] Undefined index: dey D:\wamp\www\web\ThinkPHP\Library\Think\Db\Driver\Sqlite.class.php 第 47 行.
NOTIC: [8] Undefined index: extra D:\wamp\www\web\ThinkPHP\Library\Think\Db\Driver\Sqlite.class.php 第 48 行.
SQL: SELECT * FROM tb_channel WHERE ( id = 1 ) LIMIT 1   [ RunTime:0.0000s ]
INFO: [ view_parse ] --START--
INFO: [ template_filter ] --START--
INFO: Run Behavior\ContentReplaceBehavior [ RunTime:0.000000s ]
INFO: [ template_filter ] --END-- [ RunTime:0.001001s ]
INFO: Run Behavior\ParseTemplateBehavior [ RunTime:0.007001s ]
INFO: [ view_parse ] --END-- [ RunTime:0.008001s ]
INFO: [ view_filter ] --START--
INFO: Run Behavior\WriteHtmlCacheBehavior [ RunTime:0.000000s ]
INFO: [ view_filter ] --END-- [ RunTime:0.001000s ]
INFO: [ app_end ] --START--
INFO: Run Behavior\ShowPageTraceBehavior [ RunTime:0.001000s ]
INFO: [ app_end ] --END-- [ RunTime:0.001000s ]

[ 2017-09-15T10:52:19+08:00 ] ::1 /web/
INFO: [ app_init ] --START--
INFO: Run Behavior\BuildLiteBehavior [ RunTime:0.000000s ]
INFO: [ app_init ] --END-- [ RunTime:0.000000s ]
INFO: [ app_begin ] --START--
INFO: Run Behavior\ReadHtmlCacheBehavior [ RunTime:0.001000s ]
INFO: [ app_begin ] --END-- [ RunTime:0.001000s ]
SQL: PRAGMA table_info( tb_article ) [ RunTime:0.0000s ]
NOTIC: [8] Undefined index: field D:\wamp\www\web\ThinkPHP\Library\Think\Db\Driver\Sqlite.class.php 第 42 行.
NOTIC: [8] Undefined index: field D:\wamp\www\web\ThinkPHP\Library\Think\Db\Driver\Sqlite.class.php 第 43 行.
NOTIC: [8] Undefined index: null D:\wamp\www\web\ThinkPHP\Library\Think\Db\Driver\Sqlite.class.php 第 45 行.
NOTIC: [8] Undefined index: default D:\wamp\www\web\ThinkPHP\Library\Think\Db\Driver\Sqlite.class.php 第 46 行.
NOTIC: [8] Undefined index: dey D:\wamp\www\web\ThinkPHP\Library\Think\Db\Driver\Sqlite.class.php 第 47 行.
NOTIC: [8] Undefined index: extra D:\wamp\www\web\ThinkPHP\Library\Think\Db\Driver\Sqlite.class.php 第 48 行.
NOTIC: [8] Undefined index: field D:\wamp\www\web\ThinkPHP\Library\Think\Db\Driver\Sqlite.class.php 第 42 行.
NOTIC: [8] Undefined index: field D:\wamp\www\web\ThinkPHP\Library\Think\Db\Driver\Sqlite.class.php 第 43 行.
NOTIC: [8] Undefined index: null D:\wamp\www\web\ThinkPHP\Library\Think\Db\Driver\Sqlite.class.php 第 45 行.
NOTIC: [8] Undefined index: default D:\wamp\www\web\ThinkPHP\Library\Think\Db\Driver\Sqlite.class.php 第 46 行.
NOTIC: [8] Undefined index: dey D:\wamp\www\web\ThinkPHP\Library\Think\Db\Driver\Sqlite.class.php 第 47 行.
NOTIC: [8] Undefined index: extra D:\wamp\www\web\ThinkPHP\Library\Think\Db\Driver\Sqlite.class.php 第 48 行.
NOTIC: [8] Undefined index: field D:\wamp\www\web\ThinkPHP\Library\Think\Db\Driver\Sqlite.class.php 第 42 行.
NOTIC: [8] Undefined index: field D:\wamp\www\web\ThinkPHP\Library\Think\Db\Driver\Sqlite.class.php 第 43 行.
NOTIC: [8] Undefined index: null D:\wamp\www\web\ThinkPHP\Library\Think\Db\Driver\Sqlite.class.php 第 45 行.
NOTIC: [8] Undefined index: default D:\wamp\www\web\ThinkPHP\Library\Think\Db\Driver\Sqlite.class.php 第 46 行.
NOTIC: [8] Undefined index: dey D:\wamp\www\web\ThinkPHP\Library\Think\Db\Driver\Sqlite.class.php 第 47 行.
NOTIC: [8] Undefined index: extra D:\wamp\www\web\ThinkPHP\Library\Think\Db\Driver\Sqlite.class.php 第 48 行.
NOTIC: [8] Undefined index: field D:\wamp\www\web\ThinkPHP\Library\Think\Db\Driver\Sqlite.class.php 第 42 行.
NOTIC: [8] Undefined index: field D:\wamp\www\web\ThinkPHP\Library\Think\Db\Driver\Sqlite.class.php 第 43 行.
NOTIC: [8] Undefined index: null D:\wamp\www\web\ThinkPHP\Library\Think\Db\Driver\Sqlite.class.php 第 45 行.
NOTIC: [8] Undefined index: default D:\wamp\www\web\ThinkPHP\Library\Think\Db\Driver\Sqlite.class.php 第 46 行.
NOTIC: [8] Undefined index: dey D:\wamp\www\web\ThinkPHP\Library\Think\Db\Driver\Sqlite.class.php 第 47 行.
NOTIC: [8] Undefined index: extra D:\wamp\www\web\ThinkPHP\Library\Think\Db\Driver\Sqlite.class.php 第 48 行.
NOTIC: [8] Undefined index: field D:\wamp\www\web\ThinkPHP\Library\Think\Db\Driver\Sqlite.class.php 第 42 行.
NOTIC: [8] Undefined index: field D:\wamp\www\web\ThinkPHP\Library\Think\Db\Driver\Sqlite.class.php 第 43 行.
NOTIC: [8] Undefined index: null D:\wamp\www\web\ThinkPHP\Library\Think\Db\Driver\Sqlite.class.php 第 45 行.
NOTIC: [8] Undefined index: default D:\wamp\www\web\ThinkPHP\Library\Think\Db\Driver\Sqlite.class.php 第 46 行.
NOTIC: [8] Undefined index: dey D:\wamp\www\web\ThinkPHP\Library\Think\Db\Driver\Sqlite.class.php 第 47 行.
NOTIC: [8] Undefined index: extra D:\wamp\www\web\ThinkPHP\Library\Think\Db\Driver\Sqlite.class.php 第 48 行.
NOTIC: [8] Undefined index: field D:\wamp\www\web\ThinkPHP\Library\Think\Db\Driver\Sqlite.class.php 第 42 行.
NOTIC: [8] Undefined index: field D:\wamp\www\web\ThinkPHP\Library\Think\Db\Driver\Sqlite.class.php 第 43 行.
NOTIC: [8] Undefined index: null D:\wamp\www\web\ThinkPHP\Library\Think\Db\Driver\Sqlite.class.php 第 45 行.
NOTIC: [8] Undefined index: default D:\wamp\www\web\ThinkPHP\Library\Think\Db\Driver\Sqlite.class.php 第 46 行.
NOTIC: [8] Undefined index: dey D:\wamp\www\web\ThinkPHP\Library\Think\Db\Driver\Sqlite.class.php 第 47 行.
NOTIC: [8] Undefined index: extra D:\wamp\www\web\ThinkPHP\Library\Think\Db\Driver\Sqlite.class.php 第 48 行.
NOTIC: [8] Undefined index: field D:\wamp\www\web\ThinkPHP\Library\Think\Db\Driver\Sqlite.class.php 第 42 行.
NOTIC: [8] Undefined index: field D:\wamp\www\web\ThinkPHP\Library\Think\Db\Driver\Sqlite.class.php 第 43 行.
NOTIC: [8] Undefined index: null D:\wamp\www\web\ThinkPHP\Library\Think\Db\Driver\Sqlite.class.php 第 45 行.
NOTIC: [8] Undefined index: default D:\wamp\www\web\ThinkPHP\Library\Think\Db\Driver\Sqlite.class.php 第 46 行.
NOTIC: [8] Undefined index: dey D:\wamp\www\web\ThinkPHP\Library\Think\Db\Driver\Sqlite.class.php 第 47 行.
NOTIC: [8] Undefined index: extra D:\wamp\www\web\ThinkPHP\Library\Think\Db\Driver\Sqlite.class.php 第 48 行.
NOTIC: [8] Undefined index: field D:\wamp\www\web\ThinkPHP\Library\Think\Db\Driver\Sqlite.class.php 第 42 行.
NOTIC: [8] Undefined index: field D:\wamp\www\web\ThinkPHP\Library\Think\Db\Driver\Sqlite.class.php 第 43 行.
NOTIC: [8] Undefined index: null D:\wamp\www\web\ThinkPHP\Library\Think\Db\Driver\Sqlite.class.php 第 45 行.
NOTIC: [8] Undefined index: default D:\wamp\www\web\ThinkPHP\Library\Think\Db\Driver\Sqlite.class.php 第 46 行.
NOTIC: [8] Undefined index: dey D:\wamp\www\web\ThinkPHP\Library\Think\Db\Driver\Sqlite.class.php 第 47 行.
NOTIC: [8] Undefined index: extra D:\wamp\www\web\ThinkPHP\Library\Think\Db\Driver\Sqlite.class.php 第 48 行.
NOTIC: [8] Undefined index: field D:\wamp\www\web\ThinkPHP\Library\Think\Db\Driver\Sqlite.class.php 第 42 行.
NOTIC: [8] Undefined index: field D:\wamp\www\web\ThinkPHP\Library\Think\Db\Driver\Sqlite.class.php 第 43 行.
NOTIC: [8] Undefined index: null D:\wamp\www\web\ThinkPHP\Library\Think\Db\Driver\Sqlite.class.php 第 45 行.
NOTIC: [8] Undefined index: default D:\wamp\www\web\ThinkPHP\Library\Think\Db\Driver\Sqlite.class.php 第 46 行.
NOTIC: [8] Undefined index: dey D:\wamp\www\web\ThinkPHP\Library\Think\Db\Driver\Sqlite.class.php 第 47 行.
NOTIC: [8] Undefined index: extra D:\wamp\www\web\ThinkPHP\Library\Think\Db\Driver\Sqlite.class.php 第 48 行.
NOTIC: [8] Undefined index: field D:\wamp\www\web\ThinkPHP\Library\Think\Db\Driver\Sqlite.class.php 第 42 行.
NOTIC: [8] Undefined index: field D:\wamp\www\web\ThinkPHP\Library\Think\Db\Driver\Sqlite.class.php 第 43 行.
NOTIC: [8] Undefined index: null D:\wamp\www\web\ThinkPHP\Library\Think\Db\Driver\Sqlite.class.php 第 45 行.
NOTIC: [8] Undefined index: default D:\wamp\www\web\ThinkPHP\Library\Think\Db\Driver\Sqlite.class.php 第 46 行.
NOTIC: [8] Undefined index: dey D:\wamp\www\web\ThinkPHP\Library\Think\Db\Driver\Sqlite.class.php 第 47 行.
NOTIC: [8] Undefined index: extra D:\wamp\www\web\ThinkPHP\Library\Think\Db\Driver\Sqlite.class.php 第 48 行.
SQL: SELECT * FROM tb_article WHERE ( channelid = 1 AND url = '#' ) ORDER BY time desc LIMIT 5   [ RunTime:0.0000s ]
SQL: SELECT * FROM tb_article WHERE ( channelid = 5 ) ORDER BY time desc LIMIT 4   [ RunTime:0.0000s ]
INFO: [ view_parse ] --START--
INFO: [ template_filter ] --START--
INFO: Run Behavior\ContentReplaceBehavior [ RunTime:0.000000s ]
INFO: [ template_filter ] --END-- [ RunTime:0.000000s ]
INFO: Run Behavior\ParseTemplateBehavior [ RunTime:0.010000s ]
INFO: [ view_parse ] --END-- [ RunTime:0.010000s ]
INFO: [ view_filter ] --START--
INFO: Run Behavior\WriteHtmlCacheBehavior [ RunTime:0.000000s ]
INFO: [ view_filter ] --END-- [ RunTime:0.000000s ]
INFO: [ app_end ] --START--
INFO: Run Behavior\ShowPageTraceBehavior [ RunTime:0.000000s ]
INFO: [ app_end ] --END-- [ RunTime:0.000000s ]

[ 2017-09-15T10:52:26+08:00 ] ::1 /web/Php/php.html
INFO: [ app_init ] --START--
INFO: Run Behavior\BuildLiteBehavior [ RunTime:0.000000s ]
INFO: [ app_init ] --END-- [ RunTime:0.001000s ]
INFO: [ app_begin ] --START--
INFO: Run Behavior\ReadHtmlCacheBehavior [ RunTime:0.000000s ]
INFO: [ app_begin ] --END-- [ RunTime:0.001000s ]
SQL: PRAGMA table_info( tb_article ) [ RunTime:0.0000s ]
NOTIC: [8] Undefined index: field D:\wamp\www\web\ThinkPHP\Library\Think\Db\Driver\Sqlite.class.php 第 42 行.
NOTIC: [8] Undefined index: field D:\wamp\www\web\ThinkPHP\Library\Think\Db\Driver\Sqlite.class.php 第 43 行.
NOTIC: [8] Undefined index: null D:\wamp\www\web\ThinkPHP\Library\Think\Db\Driver\Sqlite.class.php 第 45 行.
NOTIC: [8] Undefined index: default D:\wamp\www\web\ThinkPHP\Library\Think\Db\Driver\Sqlite.class.php 第 46 行.
NOTIC: [8] Undefined index: dey D:\wamp\www\web\ThinkPHP\Library\Think\Db\Driver\Sqlite.class.php 第 47 行.
NOTIC: [8] Undefined index: extra D:\wamp\www\web\ThinkPHP\Library\Think\Db\Driver\Sqlite.class.php 第 48 行.
NOTIC: [8] Undefined index: field D:\wamp\www\web\ThinkPHP\Library\Think\Db\Driver\Sqlite.class.php 第 42 行.
NOTIC: [8] Undefined index: field D:\wamp\www\web\ThinkPHP\Library\Think\Db\Driver\Sqlite.class.php 第 43 行.
NOTIC: [8] Undefined index: null D:\wamp\www\web\ThinkPHP\Library\Think\Db\Driver\Sqlite.class.php 第 45 行.
NOTIC: [8] Undefined index: default D:\wamp\www\web\ThinkPHP\Library\Think\Db\Driver\Sqlite.class.php 第 46 行.
NOTIC: [8] Undefined index: dey D:\wamp\www\web\ThinkPHP\Library\Think\Db\Driver\Sqlite.class.php 第 47 行.
NOTIC: [8] Undefined index: extra D:\wamp\www\web\ThinkPHP\Library\Think\Db\Driver\Sqlite.class.php 第 48 行.
NOTIC: [8] Undefined index: field D:\wamp\www\web\ThinkPHP\Library\Think\Db\Driver\Sqlite.class.php 第 42 行.
NOTIC: [8] Undefined index: field D:\wamp\www\web\ThinkPHP\Library\Think\Db\Driver\Sqlite.class.php 第 43 行.
NOTIC: [8] Undefined index: null D:\wamp\www\web\ThinkPHP\Library\Think\Db\Driver\Sqlite.class.php 第 45 行.
NOTIC: [8] Undefined index: default D:\wamp\www\web\ThinkPHP\Library\Think\Db\Driver\Sqlite.class.php 第 46 行.
NOTIC: [8] Undefined index: dey D:\wamp\www\web\ThinkPHP\Library\Think\Db\Driver\Sqlite.class.php 第 47 行.
NOTIC: [8] Undefined index: extra D:\wamp\www\web\ThinkPHP\Library\Think\Db\Driver\Sqlite.class.php 第 48 行.
NOTIC: [8] Undefined index: field D:\wamp\www\web\ThinkPHP\Library\Think\Db\Driver\Sqlite.class.php 第 42 行.
NOTIC: [8] Undefined index: field D:\wamp\www\web\ThinkPHP\Library\Think\Db\Driver\Sqlite.class.php 第 43 行.
NOTIC: [8] Undefined index: null D:\wamp\www\web\ThinkPHP\Library\Think\Db\Driver\Sqlite.class.php 第 45 行.
NOTIC: [8] Undefined index: default D:\wamp\www\web\ThinkPHP\Library\Think\Db\Driver\Sqlite.class.php 第 46 行.
NOTIC: [8] Undefined index: dey D:\wamp\www\web\ThinkPHP\Library\Think\Db\Driver\Sqlite.class.php 第 47 行.
NOTIC: [8] Undefined index: extra D:\wamp\www\web\ThinkPHP\Library\Think\Db\Driver\Sqlite.class.php 第 48 行.
NOTIC: [8] Undefined index: field D:\wamp\www\web\ThinkPHP\Library\Think\Db\Driver\Sqlite.class.php 第 42 行.
NOTIC: [8] Undefined index: field D:\wamp\www\web\ThinkPHP\Library\Think\Db\Driver\Sqlite.class.php 第 43 行.
NOTIC: [8] Undefined index: null D:\wamp\www\web\ThinkPHP\Library\Think\Db\Driver\Sqlite.class.php 第 45 行.
NOTIC: [8] Undefined index: default D:\wamp\www\web\ThinkPHP\Library\Think\Db\Driver\Sqlite.class.php 第 46 行.
NOTIC: [8] Undefined index: dey D:\wamp\www\web\ThinkPHP\Library\Think\Db\Driver\Sqlite.class.php 第 47 行.
NOTIC: [8] Undefined index: extra D:\wamp\www\web\ThinkPHP\Library\Think\Db\Driver\Sqlite.class.php 第 48 行.
NOTIC: [8] Undefined index: field D:\wamp\www\web\ThinkPHP\Library\Think\Db\Driver\Sqlite.class.php 第 42 行.
NOTIC: [8] Undefined index: field D:\wamp\www\web\ThinkPHP\Library\Think\Db\Driver\Sqlite.class.php 第 43 行.
NOTIC: [8] Undefined index: null D:\wamp\www\web\ThinkPHP\Library\Think\Db\Driver\Sqlite.class.php 第 45 行.
NOTIC: [8] Undefined index: default D:\wamp\www\web\ThinkPHP\Library\Think\Db\Driver\Sqlite.class.php 第 46 行.
NOTIC: [8] Undefined index: dey D:\wamp\www\web\ThinkPHP\Library\Think\Db\Driver\Sqlite.class.php 第 47 行.
NOTIC: [8] Undefined index: extra D:\wamp\www\web\ThinkPHP\Library\Think\Db\Driver\Sqlite.class.php 第 48 行.
NOTIC: [8] Undefined index: field D:\wamp\www\web\ThinkPHP\Library\Think\Db\Driver\Sqlite.class.php 第 42 行.
NOTIC: [8] Undefined index: field D:\wamp\www\web\ThinkPHP\Library\Think\Db\Driver\Sqlite.class.php 第 43 行.
NOTIC: [8] Undefined index: null D:\wamp\www\web\ThinkPHP\Library\Think\Db\Driver\Sqlite.class.php 第 45 行.
NOTIC: [8] Undefined index: default D:\wamp\www\web\ThinkPHP\Library\Think\Db\Driver\Sqlite.class.php 第 46 行.
NOTIC: [8] Undefined index: dey D:\wamp\www\web\ThinkPHP\Library\Think\Db\Driver\Sqlite.class.php 第 47 行.
NOTIC: [8] Undefined index: extra D:\wamp\www\web\ThinkPHP\Library\Think\Db\Driver\Sqlite.class.php 第 48 行.
NOTIC: [8] Undefined index: field D:\wamp\www\web\ThinkPHP\Library\Think\Db\Driver\Sqlite.class.php 第 42 行.
NOTIC: [8] Undefined index: field D:\wamp\www\web\ThinkPHP\Library\Think\Db\Driver\Sqlite.class.php 第 43 行.
NOTIC: [8] Undefined index: null D:\wamp\www\web\ThinkPHP\Library\Think\Db\Driver\Sqlite.class.php 第 45 行.
NOTIC: [8] Undefined index: default D:\wamp\www\web\ThinkPHP\Library\Think\Db\Driver\Sqlite.class.php 第 46 行.
NOTIC: [8] Undefined index: dey D:\wamp\www\web\ThinkPHP\Library\Think\Db\Driver\Sqlite.class.php 第 47 行.
NOTIC: [8] Undefined index: extra D:\wamp\www\web\ThinkPHP\Library\Think\Db\Driver\Sqlite.class.php 第 48 行.
NOTIC: [8] Undefined index: field D:\wamp\www\web\ThinkPHP\Library\Think\Db\Driver\Sqlite.class.php 第 42 行.
NOTIC: [8] Undefined index: field D:\wamp\www\web\ThinkPHP\Library\Think\Db\Driver\Sqlite.class.php 第 43 行.
NOTIC: [8] Undefined index: null D:\wamp\www\web\ThinkPHP\Library\Think\Db\Driver\Sqlite.class.php 第 45 行.
NOTIC: [8] Undefined index: default D:\wamp\www\web\ThinkPHP\Library\Think\Db\Driver\Sqlite.class.php 第 46 行.
NOTIC: [8] Undefined index: dey D:\wamp\www\web\ThinkPHP\Library\Think\Db\Driver\Sqlite.class.php 第 47 行.
NOTIC: [8] Undefined index: extra D:\wamp\www\web\ThinkPHP\Library\Think\Db\Driver\Sqlite.class.php 第 48 行.
NOTIC: [8] Undefined index: field D:\wamp\www\web\ThinkPHP\Library\Think\Db\Driver\Sqlite.class.php 第 42 行.
NOTIC: [8] Undefined index: field D:\wamp\www\web\ThinkPHP\Library\Think\Db\Driver\Sqlite.class.php 第 43 行.
NOTIC: [8] Undefined index: null D:\wamp\www\web\ThinkPHP\Library\Think\Db\Driver\Sqlite.class.php 第 45 行.
NOTIC: [8] Undefined index: default D:\wamp\www\web\ThinkPHP\Library\Think\Db\Driver\Sqlite.class.php 第 46 行.
NOTIC: [8] Undefined index: dey D:\wamp\www\web\ThinkPHP\Library\Think\Db\Driver\Sqlite.class.php 第 47 行.
NOTIC: [8] Undefined index: extra D:\wamp\www\web\ThinkPHP\Library\Think\Db\Driver\Sqlite.class.php 第 48 行.
SQL: SELECT COUNT(*) AS tp_count FROM tb_article WHERE ( channelid = 3 ) LIMIT 1   [ RunTime:0.0000s ]
SQL: SELECT * FROM tb_article WHERE ( channelid = 3 ) ORDER BY time desc LIMIT 10 OFFSET 0   [ RunTime:0.0000s ]
SQL: PRAGMA table_info( tb_channel ) [ RunTime:0.0000s ]
NOTIC: [8] Undefined index: field D:\wamp\www\web\ThinkPHP\Library\Think\Db\Driver\Sqlite.class.php 第 42 行.
NOTIC: [8] Undefined index: field D:\wamp\www\web\ThinkPHP\Library\Think\Db\Driver\Sqlite.class.php 第 43 行.
NOTIC: [8] Undefined index: null D:\wamp\www\web\ThinkPHP\Library\Think\Db\Driver\Sqlite.class.php 第 45 行.
NOTIC: [8] Undefined index: default D:\wamp\www\web\ThinkPHP\Library\Think\Db\Driver\Sqlite.class.php 第 46 行.
NOTIC: [8] Undefined index: dey D:\wamp\www\web\ThinkPHP\Library\Think\Db\Driver\Sqlite.class.php 第 47 行.
NOTIC: [8] Undefined index: extra D:\wamp\www\web\ThinkPHP\Library\Think\Db\Driver\Sqlite.class.php 第 48 行.
NOTIC: [8] Undefined index: field D:\wamp\www\web\ThinkPHP\Library\Think\Db\Driver\Sqlite.class.php 第 42 行.
NOTIC: [8] Undefined index: field D:\wamp\www\web\ThinkPHP\Library\Think\Db\Driver\Sqlite.class.php 第 43 行.
NOTIC: [8] Undefined index: null D:\wamp\www\web\ThinkPHP\Library\Think\Db\Driver\Sqlite.class.php 第 45 行.
NOTIC: [8] Undefined index: default D:\wamp\www\web\ThinkPHP\Library\Think\Db\Driver\Sqlite.class.php 第 46 行.
NOTIC: [8] Undefined index: dey D:\wamp\www\web\ThinkPHP\Library\Think\Db\Driver\Sqlite.class.php 第 47 行.
NOTIC: [8] Undefined index: extra D:\wamp\www\web\ThinkPHP\Library\Think\Db\Driver\Sqlite.class.php 第 48 行.
SQL: SELECT * FROM tb_channel WHERE ( id = 3 ) LIMIT 1   [ RunTime:0.0010s ]
INFO: [ view_parse ] --START--
INFO: [ template_filter ] --START--
INFO: Run Behavior\ContentReplaceBehavior [ RunTime:0.000000s ]
INFO: [ template_filter ] --END-- [ RunTime:0.000000s ]
INFO: Run Behavior\ParseTemplateBehavior [ RunTime:0.007001s ]
INFO: [ view_parse ] --END-- [ RunTime:0.008001s ]
INFO: [ view_filter ] --START--
INFO: Run Behavior\WriteHtmlCacheBehavior [ RunTime:0.000000s ]
INFO: [ view_filter ] --END-- [ RunTime:0.000000s ]
INFO: [ app_end ] --START--
INFO: Run Behavior\ShowPageTraceBehavior [ RunTime:0.001000s ]
INFO: [ app_end ] --END-- [ RunTime:0.001000s ]

[ 2017-09-15T10:52:32+08:00 ] ::1 /web/New/news.html
INFO: [ app_init ] --START--
INFO: Run Behavior\BuildLiteBehavior [ RunTime:0.000000s ]
INFO: [ app_init ] --END-- [ RunTime:0.001000s ]
INFO: [ app_begin ] --START--
INFO: Run Behavior\ReadHtmlCacheBehavior [ RunTime:0.001000s ]
INFO: [ app_begin ] --END-- [ RunTime:0.001000s ]
SQL: PRAGMA table_info( tb_article ) [ RunTime:0.0000s ]
NOTIC: [8] Undefined index: field D:\wamp\www\web\ThinkPHP\Library\Think\Db\Driver\Sqlite.class.php 第 42 行.
NOTIC: [8] Undefined index: field D:\wamp\www\web\ThinkPHP\Library\Think\Db\Driver\Sqlite.class.php 第 43 行.
NOTIC: [8] Undefined index: null D:\wamp\www\web\ThinkPHP\Library\Think\Db\Driver\Sqlite.class.php 第 45 行.
NOTIC: [8] Undefined index: default D:\wamp\www\web\ThinkPHP\Library\Think\Db\Driver\Sqlite.class.php 第 46 行.
NOTIC: [8] Undefined index: dey D:\wamp\www\web\ThinkPHP\Library\Think\Db\Driver\Sqlite.class.php 第 47 行.
NOTIC: [8] Undefined index: extra D:\wamp\www\web\ThinkPHP\Library\Think\Db\Driver\Sqlite.class.php 第 48 行.
NOTIC: [8] Undefined index: field D:\wamp\www\web\ThinkPHP\Library\Think\Db\Driver\Sqlite.class.php 第 42 行.
NOTIC: [8] Undefined index: field D:\wamp\www\web\ThinkPHP\Library\Think\Db\Driver\Sqlite.class.php 第 43 行.
NOTIC: [8] Undefined index: null D:\wamp\www\web\ThinkPHP\Library\Think\Db\Driver\Sqlite.class.php 第 45 行.
NOTIC: [8] Undefined index: default D:\wamp\www\web\ThinkPHP\Library\Think\Db\Driver\Sqlite.class.php 第 46 行.
NOTIC: [8] Undefined index: dey D:\wamp\www\web\ThinkPHP\Library\Think\Db\Driver\Sqlite.class.php 第 47 行.
NOTIC: [8] Undefined index: extra D:\wamp\www\web\ThinkPHP\Library\Think\Db\Driver\Sqlite.class.php 第 48 行.
NOTIC: [8] Undefined index: field D:\wamp\www\web\ThinkPHP\Library\Think\Db\Driver\Sqlite.class.php 第 42 行.
NOTIC: [8] Undefined index: field D:\wamp\www\web\ThinkPHP\Library\Think\Db\Driver\Sqlite.class.php 第 43 行.
NOTIC: [8] Undefined index: null D:\wamp\www\web\ThinkPHP\Library\Think\Db\Driver\Sqlite.class.php 第 45 行.
NOTIC: [8] Undefined index: default D:\wamp\www\web\ThinkPHP\Library\Think\Db\Driver\Sqlite.class.php 第 46 行.
NOTIC: [8] Undefined index: dey D:\wamp\www\web\ThinkPHP\Library\Think\Db\Driver\Sqlite.class.php 第 47 行.
NOTIC: [8] Undefined index: extra D:\wamp\www\web\ThinkPHP\Library\Think\Db\Driver\Sqlite.class.php 第 48 行.
NOTIC: [8] Undefined index: field D:\wamp\www\web\ThinkPHP\Library\Think\Db\Driver\Sqlite.class.php 第 42 行.
NOTIC: [8] Undefined index: field D:\wamp\www\web\ThinkPHP\Library\Think\Db\Driver\Sqlite.class.php 第 43 行.
NOTIC: [8] Undefined index: null D:\wamp\www\web\ThinkPHP\Library\Think\Db\Driver\Sqlite.class.php 第 45 行.
NOTIC: [8] Undefined index: default D:\wamp\www\web\ThinkPHP\Library\Think\Db\Driver\Sqlite.class.php 第 46 行.
NOTIC: [8] Undefined index: dey D:\wamp\www\web\ThinkPHP\Library\Think\Db\Driver\Sqlite.class.php 第 47 行.
NOTIC: [8] Undefined index: extra D:\wamp\www\web\ThinkPHP\Library\Think\Db\Driver\Sqlite.class.php 第 48 行.
NOTIC: [8] Undefined index: field D:\wamp\www\web\ThinkPHP\Library\Think\Db\Driver\Sqlite.class.php 第 42 行.
NOTIC: [8] Undefined index: field D:\wamp\www\web\ThinkPHP\Library\Think\Db\Driver\Sqlite.class.php 第 43 行.
NOTIC: [8] Undefined index: null D:\wamp\www\web\ThinkPHP\Library\Think\Db\Driver\Sqlite.class.php 第 45 行.
NOTIC: [8] Undefined index: default D:\wamp\www\web\ThinkPHP\Library\Think\Db\Driver\Sqlite.class.php 第 46 行.
NOTIC: [8] Undefined index: dey D:\wamp\www\web\ThinkPHP\Library\Think\Db\Driver\Sqlite.class.php 第 47 行.
NOTIC: [8] Undefined index: extra D:\wamp\www\web\ThinkPHP\Library\Think\Db\Driver\Sqlite.class.php 第 48 行.
NOTIC: [8] Undefined index: field D:\wamp\www\web\ThinkPHP\Library\Think\Db\Driver\Sqlite.class.php 第 42 行.
NOTIC: [8] Undefined index: field D:\wamp\www\web\ThinkPHP\Library\Think\Db\Driver\Sqlite.class.php 第 43 行.
NOTIC: [8] Undefined index: null D:\wamp\www\web\ThinkPHP\Library\Think\Db\Driver\Sqlite.class.php 第 45 行.
NOTIC: [8] Undefined index: default D:\wamp\www\web\ThinkPHP\Library\Think\Db\Driver\Sqlite.class.php 第 46 行.
NOTIC: [8] Undefined index: dey D:\wamp\www\web\ThinkPHP\Library\Think\Db\Driver\Sqlite.class.php 第 47 行.
NOTIC: [8] Undefined index: extra D:\wamp\www\web\ThinkPHP\Library\Think\Db\Driver\Sqlite.class.php 第 48 行.
NOTIC: [8] Undefined index: field D:\wamp\www\web\ThinkPHP\Library\Think\Db\Driver\Sqlite.class.php 第 42 行.
NOTIC: [8] Undefined index: field D:\wamp\www\web\ThinkPHP\Library\Think\Db\Driver\Sqlite.class.php 第 43 行.
NOTIC: [8] Undefined index: null D:\wamp\www\web\ThinkPHP\Library\Think\Db\Driver\Sqlite.class.php 第 45 行.
NOTIC: [8] Undefined index: default D:\wamp\www\web\ThinkPHP\Library\Think\Db\Driver\Sqlite.class.php 第 46 行.
NOTIC: [8] Undefined index: dey D:\wamp\www\web\ThinkPHP\Library\Think\Db\Driver\Sqlite.class.php 第 47 行.
NOTIC: [8] Undefined index: extra D:\wamp\www\web\ThinkPHP\Library\Think\Db\Driver\Sqlite.class.php 第 48 行.
NOTIC: [8] Undefined index: field D:\wamp\www\web\ThinkPHP\Library\Think\Db\Driver\Sqlite.class.php 第 42 行.
NOTIC: [8] Undefined index: field D:\wamp\www\web\ThinkPHP\Library\Think\Db\Driver\Sqlite.class.php 第 43 行.
NOTIC: [8] Undefined index: null D:\wamp\www\web\ThinkPHP\Library\Think\Db\Driver\Sqlite.class.php 第 45 行.
NOTIC: [8] Undefined index: default D:\wamp\www\web\ThinkPHP\Library\Think\Db\Driver\Sqlite.class.php 第 46 行.
NOTIC: [8] Undefined index: dey D:\wamp\www\web\ThinkPHP\Library\Think\Db\Driver\Sqlite.class.php 第 47 行.
NOTIC: [8] Undefined index: extra D:\wamp\www\web\ThinkPHP\Library\Think\Db\Driver\Sqlite.class.php 第 48 行.
NOTIC: [8] Undefined index: field D:\wamp\www\web\ThinkPHP\Library\Think\Db\Driver\Sqlite.class.php 第 42 行.
NOTIC: [8] Undefined index: field D:\wamp\www\web\ThinkPHP\Library\Think\Db\Driver\Sqlite.class.php 第 43 行.
NOTIC: [8] Undefined index: null D:\wamp\www\web\ThinkPHP\Library\Think\Db\Driver\Sqlite.class.php 第 45 行.
NOTIC: [8] Undefined index: default D:\wamp\www\web\ThinkPHP\Library\Think\Db\Driver\Sqlite.class.php 第 46 行.
NOTIC: [8] Undefined index: dey D:\wamp\www\web\ThinkPHP\Library\Think\Db\Driver\Sqlite.class.php 第 47 行.
NOTIC: [8] Undefined index: extra D:\wamp\www\web\ThinkPHP\Library\Think\Db\Driver\Sqlite.class.php 第 48 行.
NOTIC: [8] Undefined index: field D:\wamp\www\web\ThinkPHP\Library\Think\Db\Driver\Sqlite.class.php 第 42 行.
NOTIC: [8] Undefined index: field D:\wamp\www\web\ThinkPHP\Library\Think\Db\Driver\Sqlite.class.php 第 43 行.
NOTIC: [8] Undefined index: null D:\wamp\www\web\ThinkPHP\Library\Think\Db\Driver\Sqlite.class.php 第 45 行.
NOTIC: [8] Undefined index: default D:\wamp\www\web\ThinkPHP\Library\Think\Db\Driver\Sqlite.class.php 第 46 行.
NOTIC: [8] Undefined index: dey D:\wamp\www\web\ThinkPHP\Library\Think\Db\Driver\Sqlite.class.php 第 47 行.
NOTIC: [8] Undefined index: extra D:\wamp\www\web\ThinkPHP\Library\Think\Db\Driver\Sqlite.class.php 第 48 行.
SQL: SELECT COUNT(*) AS tp_count FROM tb_article WHERE ( channelid = 1 ) LIMIT 1   [ RunTime:0.0000s ]
SQL: SELECT * FROM tb_article WHERE ( channelid = 1 ) ORDER BY time desc LIMIT 10 OFFSET 0   [ RunTime:0.0000s ]
SQL: PRAGMA table_info( tb_channel ) [ RunTime:0.0010s ]
NOTIC: [8] Undefined index: field D:\wamp\www\web\ThinkPHP\Library\Think\Db\Driver\Sqlite.class.php 第 42 行.
NOTIC: [8] Undefined index: field D:\wamp\www\web\ThinkPHP\Library\Think\Db\Driver\Sqlite.class.php 第 43 行.
NOTIC: [8] Undefined index: null D:\wamp\www\web\ThinkPHP\Library\Think\Db\Driver\Sqlite.class.php 第 45 行.
NOTIC: [8] Undefined index: default D:\wamp\www\web\ThinkPHP\Library\Think\Db\Driver\Sqlite.class.php 第 46 行.
NOTIC: [8] Undefined index: dey D:\wamp\www\web\ThinkPHP\Library\Think\Db\Driver\Sqlite.class.php 第 47 行.
NOTIC: [8] Undefined index: extra D:\wamp\www\web\ThinkPHP\Library\Think\Db\Driver\Sqlite.class.php 第 48 行.
NOTIC: [8] Undefined index: field D:\wamp\www\web\ThinkPHP\Library\Think\Db\Driver\Sqlite.class.php 第 42 行.
NOTIC: [8] Undefined index: field D:\wamp\www\web\ThinkPHP\Library\Think\Db\Driver\Sqlite.class.php 第 43 行.
NOTIC: [8] Undefined index: null D:\wamp\www\web\ThinkPHP\Library\Think\Db\Driver\Sqlite.class.php 第 45 行.
NOTIC: [8] Undefined index: default D:\wamp\www\web\ThinkPHP\Library\Think\Db\Driver\Sqlite.class.php 第 46 行.
NOTIC: [8] Undefined index: dey D:\wamp\www\web\ThinkPHP\Library\Think\Db\Driver\Sqlite.class.php 第 47 行.
NOTIC: [8] Undefined index: extra D:\wamp\www\web\ThinkPHP\Library\Think\Db\Driver\Sqlite.class.php 第 48 行.
SQL: SELECT * FROM tb_channel WHERE ( id = 1 ) LIMIT 1   [ RunTime:0.0000s ]
INFO: [ view_parse ] --START--
INFO: [ template_filter ] --START--
INFO: Run Behavior\ContentReplaceBehavior [ RunTime:0.000000s ]
INFO: [ template_filter ] --END-- [ RunTime:0.000000s ]
INFO: Run Behavior\ParseTemplateBehavior [ RunTime:0.010000s ]
INFO: [ view_parse ] --END-- [ RunTime:0.010000s ]
INFO: [ view_filter ] --START--
INFO: Run Behavior\WriteHtmlCacheBehavior [ RunTime:0.000000s ]
INFO: [ view_filter ] --END-- [ RunTime:0.000000s ]
INFO: [ app_end ] --START--
INFO: Run Behavior\ShowPageTraceBehavior [ RunTime:0.001000s ]
INFO: [ app_end ] --END-- [ RunTime:0.001000s ]

[ 2017-09-15T10:52:33+08:00 ] ::1 /web/Feed/feed.html
INFO: [ app_init ] --START--
INFO: Run Behavior\BuildLiteBehavior [ RunTime:0.000000s ]
INFO: [ app_init ] --END-- [ RunTime:0.001000s ]
INFO: [ app_begin ] --START--
INFO: Run Behavior\ReadHtmlCacheBehavior [ RunTime:0.000000s ]
INFO: [ app_begin ] --END-- [ RunTime:0.000000s ]
SQL: PRAGMA table_info( tb_article ) [ RunTime:0.0000s ]
NOTIC: [8] Undefined index: field D:\wamp\www\web\ThinkPHP\Library\Think\Db\Driver\Sqlite.class.php 第 42 行.
NOTIC: [8] Undefined index: field D:\wamp\www\web\ThinkPHP\Library\Think\Db\Driver\Sqlite.class.php 第 43 行.
NOTIC: [8] Undefined index: null D:\wamp\www\web\ThinkPHP\Library\Think\Db\Driver\Sqlite.class.php 第 45 行.
NOTIC: [8] Undefined index: default D:\wamp\www\web\ThinkPHP\Library\Think\Db\Driver\Sqlite.class.php 第 46 行.
NOTIC: [8] Undefined index: dey D:\wamp\www\web\ThinkPHP\Library\Think\Db\Driver\Sqlite.class.php 第 47 行.
NOTIC: [8] Undefined index: extra D:\wamp\www\web\ThinkPHP\Library\Think\Db\Driver\Sqlite.class.php 第 48 行.
NOTIC: [8] Undefined index: field D:\wamp\www\web\ThinkPHP\Library\Think\Db\Driver\Sqlite.class.php 第 42 行.
NOTIC: [8] Undefined index: field D:\wamp\www\web\ThinkPHP\Library\Think\Db\Driver\Sqlite.class.php 第 43 行.
NOTIC: [8] Undefined index: null D:\wamp\www\web\ThinkPHP\Library\Think\Db\Driver\Sqlite.class.php 第 45 行.
NOTIC: [8] Undefined index: default D:\wamp\www\web\ThinkPHP\Library\Think\Db\Driver\Sqlite.class.php 第 46 行.
NOTIC: [8] Undefined index: dey D:\wamp\www\web\ThinkPHP\Library\Think\Db\Driver\Sqlite.class.php 第 47 行.
NOTIC: [8] Undefined index: extra D:\wamp\www\web\ThinkPHP\Library\Think\Db\Driver\Sqlite.class.php 第 48 行.
NOTIC: [8] Undefined index: field D:\wamp\www\web\ThinkPHP\Library\Think\Db\Driver\Sqlite.class.php 第 42 行.
NOTIC: [8] Undefined index: field D:\wamp\www\web\ThinkPHP\Library\Think\Db\Driver\Sqlite.class.php 第 43 行.
NOTIC: [8] Undefined index: null D:\wamp\www\web\ThinkPHP\Library\Think\Db\Driver\Sqlite.class.php 第 45 行.
NOTIC: [8] Undefined index: default D:\wamp\www\web\ThinkPHP\Library\Think\Db\Driver\Sqlite.class.php 第 46 行.
NOTIC: [8] Undefined index: dey D:\wamp\www\web\ThinkPHP\Library\Think\Db\Driver\Sqlite.class.php 第 47 行.
NOTIC: [8] Undefined index: extra D:\wamp\www\web\ThinkPHP\Library\Think\Db\Driver\Sqlite.class.php 第 48 行.
NOTIC: [8] Undefined index: field D:\wamp\www\web\ThinkPHP\Library\Think\Db\Driver\Sqlite.class.php 第 42 行.
NOTIC: [8] Undefined index: field D:\wamp\www\web\ThinkPHP\Library\Think\Db\Driver\Sqlite.class.php 第 43 行.
NOTIC: [8] Undefined index: null D:\wamp\www\web\ThinkPHP\Library\Think\Db\Driver\Sqlite.class.php 第 45 行.
NOTIC: [8] Undefined index: default D:\wamp\www\web\ThinkPHP\Library\Think\Db\Driver\Sqlite.class.php 第 46 行.
NOTIC: [8] Undefined index: dey D:\wamp\www\web\ThinkPHP\Library\Think\Db\Driver\Sqlite.class.php 第 47 行.
NOTIC: [8] Undefined index: extra D:\wamp\www\web\ThinkPHP\Library\Think\Db\Driver\Sqlite.class.php 第 48 行.
NOTIC: [8] Undefined index: field D:\wamp\www\web\ThinkPHP\Library\Think\Db\Driver\Sqlite.class.php 第 42 行.
NOTIC: [8] Undefined index: field D:\wamp\www\web\ThinkPHP\Library\Think\Db\Driver\Sqlite.class.php 第 43 行.
NOTIC: [8] Undefined index: null D:\wamp\www\web\ThinkPHP\Library\Think\Db\Driver\Sqlite.class.php 第 45 行.
NOTIC: [8] Undefined index: default D:\wamp\www\web\ThinkPHP\Library\Think\Db\Driver\Sqlite.class.php 第 46 行.
NOTIC: [8] Undefined index: dey D:\wamp\www\web\ThinkPHP\Library\Think\Db\Driver\Sqlite.class.php 第 47 行.
NOTIC: [8] Undefined index: extra D:\wamp\www\web\ThinkPHP\Library\Think\Db\Driver\Sqlite.class.php 第 48 行.
NOTIC: [8] Undefined index: field D:\wamp\www\web\ThinkPHP\Library\Think\Db\Driver\Sqlite.class.php 第 42 行.
NOTIC: [8] Undefined index: field D:\wamp\www\web\ThinkPHP\Library\Think\Db\Driver\Sqlite.class.php 第 43 行.
NOTIC: [8] Undefined index: null D:\wamp\www\web\ThinkPHP\Library\Think\Db\Driver\Sqlite.class.php 第 45 行.
NOTIC: [8] Undefined index: default D:\wamp\www\web\ThinkPHP\Library\Think\Db\Driver\Sqlite.class.php 第 46 行.
NOTIC: [8] Undefined index: dey D:\wamp\www\web\ThinkPHP\Library\Think\Db\Driver\Sqlite.class.php 第 47 行.
NOTIC: [8] Undefined index: extra D:\wamp\www\web\ThinkPHP\Library\Think\Db\Driver\Sqlite.class.php 第 48 行.
NOTIC: [8] Undefined index: field D:\wamp\www\web\ThinkPHP\Library\Think\Db\Driver\Sqlite.class.php 第 42 行.
NOTIC: [8] Undefined index: field D:\wamp\www\web\ThinkPHP\Library\Think\Db\Driver\Sqlite.class.php 第 43 行.
NOTIC: [8] Undefined index: null D:\wamp\www\web\ThinkPHP\Library\Think\Db\Driver\Sqlite.class.php 第 45 行.
NOTIC: [8] Undefined index: default D:\wamp\www\web\ThinkPHP\Library\Think\Db\Driver\Sqlite.class.php 第 46 行.
NOTIC: [8] Undefined index: dey D:\wamp\www\web\ThinkPHP\Library\Think\Db\Driver\Sqlite.class.php 第 47 行.
NOTIC: [8] Undefined index: extra D:\wamp\www\web\ThinkPHP\Library\Think\Db\Driver\Sqlite.class.php 第 48 行.
NOTIC: [8] Undefined index: field D:\wamp\www\web\ThinkPHP\Library\Think\Db\Driver\Sqlite.class.php 第 42 行.
NOTIC: [8] Undefined index: field D:\wamp\www\web\ThinkPHP\Library\Think\Db\Driver\Sqlite.class.php 第 43 行.
NOTIC: [8] Undefined index: null D:\wamp\www\web\ThinkPHP\Library\Think\Db\Driver\Sqlite.class.php 第 45 行.
NOTIC: [8] Undefined index: default D:\wamp\www\web\ThinkPHP\Library\Think\Db\Driver\Sqlite.class.php 第 46 行.
NOTIC: [8] Undefined index: dey D:\wamp\www\web\ThinkPHP\Library\Think\Db\Driver\Sqlite.class.php 第 47 行.
NOTIC: [8] Undefined index: extra D:\wamp\www\web\ThinkPHP\Library\Think\Db\Driver\Sqlite.class.php 第 48 行.
NOTIC: [8] Undefined index: field D:\wamp\www\web\ThinkPHP\Library\Think\Db\Driver\Sqlite.class.php 第 42 行.
NOTIC: [8] Undefined index: field D:\wamp\www\web\ThinkPHP\Library\Think\Db\Driver\Sqlite.class.php 第 43 行.
NOTIC: [8] Undefined index: null D:\wamp\www\web\ThinkPHP\Library\Think\Db\Driver\Sqlite.class.php 第 45 行.
NOTIC: [8] Undefined index: default D:\wamp\www\web\ThinkPHP\Library\Think\Db\Driver\Sqlite.class.php 第 46 行.
NOTIC: [8] Undefined index: dey D:\wamp\www\web\ThinkPHP\Library\Think\Db\Driver\Sqlite.class.php 第 47 行.
NOTIC: [8] Undefined index: extra D:\wamp\www\web\ThinkPHP\Library\Think\Db\Driver\Sqlite.class.php 第 48 行.
NOTIC: [8] Undefined index: field D:\wamp\www\web\ThinkPHP\Library\Think\Db\Driver\Sqlite.class.php 第 42 行.
NOTIC: [8] Undefined index: field D:\wamp\www\web\ThinkPHP\Library\Think\Db\Driver\Sqlite.class.php 第 43 行.
NOTIC: [8] Undefined index: null D:\wamp\www\web\ThinkPHP\Library\Think\Db\Driver\Sqlite.class.php 第 45 行.
NOTIC: [8] Undefined index: default D:\wamp\www\web\ThinkPHP\Library\Think\Db\Driver\Sqlite.class.php 第 46 行.
NOTIC: [8] Undefined index: dey D:\wamp\www\web\ThinkPHP\Library\Think\Db\Driver\Sqlite.class.php 第 47 行.
NOTIC: [8] Undefined index: extra D:\wamp\www\web\ThinkPHP\Library\Think\Db\Driver\Sqlite.class.php 第 48 行.
SQL: SELECT COUNT(*) AS tp_count FROM tb_article WHERE ( channelid = 4 ) LIMIT 1   [ RunTime:0.0010s ]
SQL: SELECT * FROM tb_article WHERE ( channelid = 4 ) ORDER BY time desc LIMIT 10 OFFSET 0   [ RunTime:0.0010s ]
SQL: PRAGMA table_info( tb_channel ) [ RunTime:0.0000s ]
NOTIC: [8] Undefined index: field D:\wamp\www\web\ThinkPHP\Library\Think\Db\Driver\Sqlite.class.php 第 42 行.
NOTIC: [8] Undefined index: field D:\wamp\www\web\ThinkPHP\Library\Think\Db\Driver\Sqlite.class.php 第 43 行.
NOTIC: [8] Undefined index: null D:\wamp\www\web\ThinkPHP\Library\Think\Db\Driver\Sqlite.class.php 第 45 行.
NOTIC: [8] Undefined index: default D:\wamp\www\web\ThinkPHP\Library\Think\Db\Driver\Sqlite.class.php 第 46 行.
NOTIC: [8] Undefined index: dey D:\wamp\www\web\ThinkPHP\Library\Think\Db\Driver\Sqlite.class.php 第 47 行.
NOTIC: [8] Undefined index: extra D:\wamp\www\web\ThinkPHP\Library\Think\Db\Driver\Sqlite.class.php 第 48 行.
NOTIC: [8] Undefined index: field D:\wamp\www\web\ThinkPHP\Library\Think\Db\Driver\Sqlite.class.php 第 42 行.
NOTIC: [8] Undefined index: field D:\wamp\www\web\ThinkPHP\Library\Think\Db\Driver\Sqlite.class.php 第 43 行.
NOTIC: [8] Undefined index: null D:\wamp\www\web\ThinkPHP\Library\Think\Db\Driver\Sqlite.class.php 第 45 行.
NOTIC: [8] Undefined index: default D:\wamp\www\web\ThinkPHP\Library\Think\Db\Driver\Sqlite.class.php 第 46 行.
NOTIC: [8] Undefined index: dey D:\wamp\www\web\ThinkPHP\Library\Think\Db\Driver\Sqlite.class.php 第 47 行.
NOTIC: [8] Undefined index: extra D:\wamp\www\web\ThinkPHP\Library\Think\Db\Driver\Sqlite.class.php 第 48 行.
SQL: SELECT * FROM tb_channel WHERE ( id = 4 ) LIMIT 1   [ RunTime:0.0010s ]
INFO: [ view_parse ] --START--
INFO: [ template_filter ] --START--
INFO: Run Behavior\ContentReplaceBehavior [ RunTime:0.000000s ]
INFO: [ template_filter ] --END-- [ RunTime:0.000000s ]
INFO: Run Behavior\ParseTemplateBehavior [ RunTime:0.010001s ]
INFO: [ view_parse ] --END-- [ RunTime:0.010001s ]
INFO: [ view_filter ] --START--
INFO: Run Behavior\WriteHtmlCacheBehavior [ RunTime:0.000000s ]
INFO: [ view_filter ] --END-- [ RunTime:0.000000s ]
INFO: [ app_end ] --START--
INFO: Run Behavior\ShowPageTraceBehavior [ RunTime:0.000000s ]
INFO: [ app_end ] --END-- [ RunTime:0.000000s ]

[ 2017-09-15T10:52:33+08:00 ] ::1 /web/Feed/code
INFO: [ app_init ] --START--
INFO: Run Behavior\BuildLiteBehavior [ RunTime:0.000000s ]
INFO: [ app_init ] --END-- [ RunTime:0.001000s ]
INFO: [ app_begin ] --START--
INFO: Run Behavior\ReadHtmlCacheBehavior [ RunTime:0.001000s ]
INFO: [ app_begin ] --END-- [ RunTime:0.001000s ]
INFO: [ app_end ] --START--
INFO: Run Behavior\ShowPageTraceBehavior [ RunTime:0.000000s ]
INFO: [ app_end ] --END-- [ RunTime:0.000000s ]

[ 2017-09-15T10:52:34+08:00 ] ::1 /web/index/about.html
INFO: [ app_init ] --START--
INFO: Run Behavior\BuildLiteBehavior [ RunTime:0.000000s ]
INFO: [ app_init ] --END-- [ RunTime:0.000000s ]
INFO: [ app_begin ] --START--
INFO: Run Behavior\ReadHtmlCacheBehavior [ RunTime:0.001000s ]
INFO: [ app_begin ] --END-- [ RunTime:0.001000s ]
ERR: 无法加载控制器:About

[ 2017-09-15T10:52:38+08:00 ] ::1 /web/index/about.html
INFO: [ app_init ] --START--
INFO: Run Behavior\BuildLiteBehavior [ RunTime:0.000000s ]
INFO: [ app_init ] --END-- [ RunTime:0.001000s ]
INFO: [ app_begin ] --START--
INFO: Run Behavior\ReadHtmlCacheBehavior [ RunTime:0.000000s ]
INFO: [ app_begin ] --END-- [ RunTime:0.001000s ]
ERR: 无法加载控制器:About

